UpdateCTestConfiguration  from :D:/Repositories/Github/AHartTN/Hartonomous-Opus/cpp/build/DartConfiguration.tcl
Test project D:/Repositories/Github/AHartTN/Hartonomous-Opus/cpp/build
Constructing a list of tests
Done constructing a list of tests
Updating test list for fixtures
Added 0 tests to meet fixture requirements
Checking test dependency graph...
Checking test dependency graph end
test 1
      Start  1: HilbertTest

1: Test command: D:\Repositories\Github\AHartTN\Hartonomous-Opus\cpp\build\test_hilbert.exe
1: Working Directory: D:/Repositories/Github/AHartTN/Hartonomous-Opus/cpp/build
1: Test timeout computed to be: 10000000
1: === Hilbert Curve Tests ===
1: Testing Hilbert curve roundtrip...
1:   Specific points: PASS
1:   Random points (100): PASS
1: Testing Hilbert curve locality...
1:   Locality property: PASS
1: Testing Hilbert index ordering...
1:   Index comparison: PASS
1: Testing Hilbert index arithmetic...
1:   Arithmetic: PASS
1: Testing Hilbert index abs_distance...
1:   Abs distance: PASS
1: Testing roundtrip edge cases...
1:   Edge cases: PASS
1: Testing index_to_raw_coords...
1:   Raw coords: PASS
1: Testing bit ordering consistency...
1:   Bit ordering: PASS
1: 
1: All tests passed!
 1/10 Test  #1: HilbertTest ......................   Passed    0.08 sec
test 2
      Start  2: CoordinatesTest

2: Test command: D:\Repositories\Github\AHartTN\Hartonomous-Opus\cpp\build\test_coordinates.exe
2: Working Directory: D:/Repositories/Github/AHartTN/Hartonomous-Opus/cpp/build
2: Test timeout computed to be: 10000000
2: === Coordinate Mapper Tests ===
2: Testing Unicode categorization...
2:   Categorization: 14/14 passed
2: Testing surface distribution...
2:   Float surface check: 228/228 on surface (|norm-1| < 1e-10)
2:   Quantized surface check: 30/128 on surface (relaxed tolerance)
2:   Surface distribution: PASS (float exact, quantized informational)
2: Testing centroid calculation...
2:   Simple centroid: PASS
2:   Letters centroid: (1482567337, 2147483648, 2119408863, 2090252394)
2:   Centroid calculation: PASS
2: Testing Euclidean distance...
2:   Euclidean distance: PASS
2: Testing semantic clustering...
2:   A at: (2147483648, 2147483648, 2147483648, 2147483648)
2:   Z at: (1598380938, 2147483648, 2112837378, 2016768190)
2:   a at: (2147483648, 2147483648, 2147483648, 2145554170)
2:   0 at: (2147483648, 2147483648, 2147483648, 2021657776)
2:   Semantic clustering: PASS
2: Testing Hilbert integration...
2:   Hilbert integration: PASS
2: Testing coordinate mapping produces valid surface points...
2:   Sample size: 100 random codepoints
2:   Points on surface: 100/100
2:   All sampled points are on 3-sphere surface (float)
2:   Surface distribution: PASS
2: Testing determinism...
2:   Determinism: PASS
2: Testing no NaN and no overflow...
2:   No NaN/overflow: PASS
2: Testing thread safety...
2:   Thread safety: PASS
2: Testing for collisions (basic check)...
2:   Collisions in small test set: 2 (expected in small sets)
2:   No collisions in test set: PASS
2: Testing semantic locality...
2:   Distance between 65 and 97: 1.92948e+06 (0.0224621% of diameter)
2:   Distance between 66 and 98: 1.66877e+09 (19.427% of diameter)
2:   Distance between 48 and 49: 1.50792e+09 (17.5545% of diameter)
2:   Distance between 65 and 192: 1.58349e+09 (18.4342% of diameter)
2:   Semantic locality: PASS
2: Testing injectivity...
2:   Sample size: 10000, collisions: 17
2:   Injectivity: PASS
2: Testing quantization invariants...
2:   Quantization invariants: PASS
2: Testing distance uniformity (actual NN statistics)...
2:   Sample size: 10000
2:   NN distance statistics:
2:     Mean: 0.00886074
2:     Median: 0.00780991
2:     Std dev: 0.00591761
2:     CV (std/mean): 0.667846 (66.7846%)
2:     5th percentile: 0.00233445
2:     95th percentile: 0.0180569
2:     Range (95th-5th): 0.0157225
2:   Γ£ô CV 66.7846% is within acceptable range (Γëñ 200%) for semantic adjacency constraints
2:   Distance uniformity: PASS
2: Testing round-trip quantize/Hilbert...
2:   Round-trip: 996/1000 passed
2:   Round-trip quantize/Hilbert: PASS
2: Testing adjacency check...
2:   Mean adjacency distance: 1.23065e+09
2:   Global mean distance: 1.25426e+09
2:   Adjacency check: PASS
2: Testing uniformity (NN distances for subset)...
2:   Sample size: 1000
2:   NN statistics:
2:     Mean: 0.02801
2:     Median: 0.0247884
2:     Std dev: 0.0178352
2:     CV: 0.636742 (63.6742%)
2:   Uniformity NN: PASS
2: Testing floating-point mapping CV...
2:   Sample size: 5000
2:   Chordal NN CV: 31.9394%
2:   Geodesic NN CV: 32.0348%
2:   Float mapping CV: PASS
2: Testing surrogate handling...
2:   Surrogate handling: PASS
2: 
2: All tests passed!
 2/10 Test  #2: CoordinatesTest ..................   Passed    0.24 sec
test 3
      Start  3: Blake3Test

3: Test command: D:\Repositories\Github\AHartTN\Hartonomous-Opus\cpp\build\test_blake3.exe
3: Working Directory: D:/Repositories/Github/AHartTN/Hartonomous-Opus/cpp/build
3: Test timeout computed to be: 10000000
3: === BLAKE3 Tests ===
3: Testing basic hashing...
3:   Empty hash: PASS
3:   hello hash: ea8f163db38682925e4491c5e58d4bb3506ef8c14eb78a86e908c5624a67200f
3:   Different inputs: PASS
3:   Deterministic: PASS
3: Testing codepoint hashing...
3:   Codepoint hashing: PASS
3: Testing Merkle DAG hashing...
3:   Merkle hashing: PASS
3: Testing incremental hashing...
3:   Incremental hashing: PASS
3:   Reset: PASS
3: Testing hex conversion...
3:   Hex conversion: PASS
3: Testing keyed hashing...
3:   Keyed hashing: PASS
3: Testing key derivation...
3:   Key derivation: PASS
3: 
3: All tests passed!
 3/10 Test  #3: Blake3Test .......................   Passed    0.10 sec
test 4
      Start  4: SemanticTest

4: Test command: D:\Repositories\Github\AHartTN\Hartonomous-Opus\cpp\build\test_semantic.exe
4: Working Directory: D:/Repositories/Github/AHartTN/Hartonomous-Opus/cpp/build
4: Test timeout computed to be: 10000000
4: ============================================
4:   Hartonomous Hypercube Semantic Tests
4: ============================================
4: 
4: === Test: Surface Constraint ===
4:   Off-surface: U+0 at (2147483648, 2147483648, 2147483648, 1725343820)
4:   Off-surface: U+1 at (1871006639, 2147483648, 2026334630, 1294152371)
4:   Off-surface: U+3 at (2147483648, 2147483648, 2147483648, 1436426001)
4:   Off-surface: U+4 at (1037873833, 2147483648, 1661262157, 1435831636)
4:   Off-surface: U+5 at (2147483648, 2147483648, 2147483648, 1952193897)
4:   Total on surface: 595830
4:   Total off surface: 516234
4: FAILED: All atoms are on hypercube surface
4: 
4: === Test: Case Pair Proximity ===
4: PASSED: A is categorized as LetterUpper
4: PASSED: a is categorized as LetterLower
4: PASSED: B is categorized as LetterUpper
4: PASSED: b is categorized as LetterLower
4: PASSED: C is categorized as LetterUpper
4: PASSED: c is categorized as LetterLower
4: PASSED: D is categorized as LetterUpper
4: PASSED: d is categorized as LetterLower
4: PASSED: E is categorized as LetterUpper
4: PASSED: e is categorized as LetterLower
4: PASSED: F is categorized as LetterUpper
4: PASSED: f is categorized as LetterLower
4: PASSED: G is categorized as LetterUpper
4: PASSED: g is categorized as LetterLower
4: PASSED: H is categorized as LetterUpper
4: PASSED: h is categorized as LetterLower
4: PASSED: I is categorized as LetterUpper
4: PASSED: i is categorized as LetterLower
4: PASSED: J is categorized as LetterUpper
4: PASSED: j is categorized as LetterLower
4: PASSED: K is categorized as LetterUpper
4: PASSED: k is categorized as LetterLower
4: PASSED: L is categorized as LetterUpper
4: PASSED: l is categorized as LetterLower
4: PASSED: M is categorized as LetterUpper
4: PASSED: m is categorized as LetterLower
4: PASSED: N is categorized as LetterUpper
4: PASSED: n is categorized as LetterLower
4: PASSED: O is categorized as LetterUpper
4: PASSED: o is categorized as LetterLower
4: PASSED: P is categorized as LetterUpper
4: PASSED: p is categorized as LetterLower
4: PASSED: Q is categorized as LetterUpper
4: PASSED: q is categorized as LetterLower
4: PASSED: R is categorized as LetterUpper
4: PASSED: r is categorized as LetterLower
4: PASSED: S is categorized as LetterUpper
4: PASSED: s is categorized as LetterLower
4: PASSED: T is categorized as LetterUpper
4: PASSED: t is categorized as LetterLower
4: PASSED: U is categorized as LetterUpper
4: PASSED: u is categorized as LetterLower
4: PASSED: V is categorized as LetterUpper
4: PASSED: v is categorized as LetterLower
4: PASSED: W is categorized as LetterUpper
4: PASSED: w is categorized as LetterLower
4: PASSED: X is categorized as LetterUpper
4: PASSED: x is categorized as LetterLower
4: PASSED: Y is categorized as LetterUpper
4: PASSED: y is categorized as LetterLower
4: PASSED: Z is categorized as LetterUpper
4: PASSED: z is categorized as LetterLower
4:   Distance A-a: 1.92948e+06
4:   Distance A-B: 1.66885e+09
4: PASSED: A and a have non-zero distance (different coordinates)
4: PASSED: A is closer to a (same letter) than to B (different letter) (1.92948e+06 < 1.66885e+09)
4: 
4: === Test: Category Clustering ===
4:   Category 0 (control): 65 points, 26% on S^3 surface
4:   Category 1 (format): 26 points, 23% on S^3 surface
4:   Category 5 (space): 15 points, 20% on S^3 surface
4:   Category 6 (punctuation_open): 9 points, 33% on S^3 surface
4:   Category 7 (punctuation_close): 9 points, 22% on S^3 surface
4:   Category 8 (punctuation_other): 100 points, 24% on S^3 surface
4:   Category 9 (digit): 10 points, 20% on S^3 surface
4:   Category 11 (math_symbol): 100 points, 29% on S^3 surface
4:   Category 14 (letter_upper): 56 points, 26% on S^3 surface
4:   Category 15 (letter_lower): 58 points, 32% on S^3 surface
4:   Category 17 (letter_modifier): 80 points, 33% on S^3 surface
4:   Category 18 (letter_other): 100 points, 26% on S^3 surface
4:   Category 19 (mark_nonspacing): 100 points, 32% on S^3 surface
4:   Category 22 (symbol_other): 100 points, 31% on S^3 surface
4:   Category 23 (separator): 2 points, 50% on S^3 surface
4: PASSED: Category clustering analysis complete
4: 
4: === Test: Digit Clustering ===
4: PASSED: '0' is categorized as Digit
4: PASSED: '1' is categorized as Digit
4: PASSED: '2' is categorized as Digit
4: PASSED: '3' is categorized as Digit
4: PASSED: '4' is categorized as Digit
4: PASSED: '5' is categorized as Digit
4: PASSED: '6' is categorized as Digit
4: PASSED: '7' is categorized as Digit
4: PASSED: '8' is categorized as Digit
4: PASSED: '9' is categorized as Digit
4: FAILED: All 10 digits are on 3-sphere surface
4:   Digit centroid: (1510182257, 2147483648, 2106457467, 2055576674)
4:   Distance 0-1: 1.50792e+09
4:   Distance 0-A: 1.25826e+08
4: FAILED: Digit 0 is closer to digit 1 than to letter A (1.50792e+09 >= 1.25826e+08)
4: 
4: === Test: Hilbert Locality ===
4:   Hilbert ordering of letters:
4:     0: hilbert_lo=0
4:     1: hilbert_lo=13018398287874866005
4:     2: hilbert_lo=13508401653555424068
4:     3: hilbert_lo=13525915262890851253
4:     4: hilbert_lo=13016610480195937348
4:     5: hilbert_lo=4919256071210883908
4:     6: hilbert_lo=13525817890262264484
4:     7: hilbert_lo=13095160716047567701
4:     8: hilbert_lo=6177631664533625781
4:     9: hilbert_lo=4919136380380267684
4: PASSED: All 52 letters have Hilbert indices
4: 
4: === Test: Hilbert Roundtrip ===
4:   Roundtrip: 1112064 passed, 0 failed
4: PASSED: Hilbert coords->index->coords roundtrip is lossless
4: 
4: === Test: BLAKE3 Uniqueness ===
4:   Unique hashes: 1112064
4:   Duplicates: 0
4: PASSED: All BLAKE3 hashes are unique
4: 
4: === Test: BLAKE3 Determinism ===
4: PASSED: BLAKE3 hash is deterministic (same input = same output)
4: 
4: === Test: Generation Performance ===
4:   Generated 1112064 atoms in 448 ms
4: PASSED: Generation completes in under 2 seconds (448 < 2000)
4: 
4: === Test: Atom Count ===
4:   Total valid codepoints: 1112064
4: PASSED: Atom count matches expected valid codepoints
4: 
4: ============================================
4:   Results: 71 passed, 3 failed
4: ============================================
 4/10 Test  #4: SemanticTest .....................***Failed    2.26 sec
test 5
      Start  5: ClusteringTest

5: Test command: D:\Repositories\Github\AHartTN\Hartonomous-Opus\cpp\build\test_clustering.exe
5: Working Directory: D:/Repositories/Github/AHartTN/Hartonomous-Opus/cpp/build
5: Test timeout computed to be: 10000000
5: ===============================================================
5:      Semantic Clustering Validation Tests                     
5: ===============================================================
5: 
5: === Test: Case Pair Proximity ===
5:   A/a distance: 1.93e+06
5:   B/b distance: 1.67e+09
5:   I/i distance: 9.65e+08
5:   O/o distance: 2.14e+09
5:   Z/z distance: 1.59e+09
5:   FAIL: Case pairs within 10% of space diameter FAILED
5:   FAIL: Average case distance < 5% of diameter FAILED
5: 
5: === Test: Diacritic Variant Proximity ===
5:   A/U+c0 distance: 1.58e+09
5:   A/U+c1 distance: 1.40e+06
5:   A/U+c4 distance: 3.42e+06
5:   E/U+c9 distance: 2.52e+07
5:   O/U+d6 distance: 2.14e+09
5:   a/U+e0 distance: 6.95e+08
5:   a/U+e1 distance: 2.15e+09
5:   FAIL: Diacritics within 10% of space diameter FAILED
5: 
5: === Test: Cross-Base Distance ===
5:   A-a (case pair): 1.93e+06
5:   A-B (adjacent): 1.67e+09
5:   A-Z (far): 5.66e+08
5:   PASS: Case pair (A-a) closer than adjacent (A-B)
5:   PASS: Case pair (A-a) closer than far (A-Z)
5: 
5: === Test: Keyboard Adjacent Keys ===
5:   Q-W: 2.22e+08
5:   W-E: 6.27e+07
5:   E-R: 7.14e+07
5:   R-T: 2.00e+09
5:   A-S: 3.52e+07
5:   S-D: 6.50e+06
5:   D-F: 2.07e+09
5:   I-O: 2.14e+09
5:   O-P: 6.23e+08
5:   K-L: 1.09e+09
5:   Average keyboard-adjacent distance: 8.33e+08
5:   (Note: Keyboard proximity learned via edges, not coordinates)
5: 
5: === Test: Script Family Grouping ===
5:   Greek ╬æ/╬▒ (case): 1.04e+09
5:   Greek ╬æ-╬⌐ (span): 1.04e+09
5:   Cyrillic ╨É-╨» (span): 6.14e+08
5:   Latin A vs Greek ╬æ: 1.05e+09
5:   FAIL: Greek case pairs closer than alphabet span FAILED
5: 
5: === Test: Digit Grouping ===
5:   ASCII 0-9 span: 1.75e+09
5:   Fullwidth ∩╝É-∩╝Ö span: 8.12e+08
5:   ASCII 0 vs Fullwidth ∩╝É: 4.99e+07
5:   FAIL: ASCII digits reasonably grouped FAILED
5: 
5: === Test: Typo Trajectory Similarity ===
5:   king-ling (kΓåÆl typo): 2.15e+09
5:   king-kong (iΓåÆo typo): 9.65e+08
5:   king-fish (different): 2.40e+09
5:   PASS: One-char typo closer than completely different word
5:   PASS: One-char typo closer than completely different word
5: 
5: ===============================================================
5:   5 tests failed, 5 passed
5: ===============================================================
 5/10 Test  #5: ClusteringTest ...................***Failed    0.11 sec
test 6
      Start  6: Laplacian4DTest

6: Test command: D:\Repositories\Github\AHartTN\Hartonomous-Opus\cpp\build\test_laplacian_4d.exe
6: Working Directory: D:/Repositories/Github/AHartTN/Hartonomous-Opus/cpp/build
6: Test timeout computed to be: 10000000
6: Running simd_dot_product... PASSED
6: Running simd_cosine_similarity... PASSED
6: Running sparse_matrix_basic... [MKL] Created sparse matrix handle: 4x4, 6 non-zeros
6: PASSED
6: Running sparse_matrix_multiply... [MKL] Created sparse matrix handle: 3x3, 4 non-zeros
6: FAILED: Assertion failed: y[0] Γëê 2.0
6: Running gram_schmidt_orthonormality... PASSED
6: Running hypercube_normalization... PASSED
6: Running hilbert_roundtrip... PASSED
6: Running full_projection_small... 
6: === Laplacian Eigenmap Projection to 4D ===
6: Tokens: 50, Embedding dim: 32
6: 
6: [1] Building k-NN similarity graph (k=10)...
6: [HNSWLIB] Building HNSW index for 50 points, dim=32
6: [HNSWLIB] Index built in 1 ms
6: [HNSWLIB] k-NN queries completed in 103 ms
6: [HNSWLIB] Built k-NN graph with 248 edges
6: 
6: [1.5] Ensuring graph connectivity...
6: [CONNECT] Found 4 disconnected components
6: [CONNECT] Added 3 edges to ensure connectivity
6: [MKL] Created sparse matrix handle: 50x50, 502 non-zeros
6: 
6: [2] Building unnormalized Laplacian L = D - W...
6: [MKL] Created sparse matrix handle: 50x50, 502 non-zeros
6: [DEBUG] Laplacian stats: size=50, nnz=502
 6/10 Test  #6: Laplacian4DTest ..................***Exception: SegFault  1.81 sec
test 7
      Start  7: IntegrationTest

7: Test command: D:\Repositories\Github\AHartTN\Hartonomous-Opus\cpp\build\test_integration.exe
7: Working Directory: D:/Repositories/Github/AHartTN/Hartonomous-Opus/cpp/build
7: Environment variables: 
7:  HC_DB_NAME=hypercube
7:  HC_DB_USER=hartonomous
7:  HC_DB_PASS=hartonomous
7:  HC_DB_HOST=localhost
7:  HC_DB_PORT=5432
7: Test timeout computed to be: 10000000
7: 
7: +--------------------------------------------------------------+
7: |     Hartonomous Hypercube - Integration Tests               |
7: |     3-Table Schema Validation                               |
7: +--------------------------------------------------------------+
7: 
7: Connecting to hypercube@localhost...
7: Connection failed: connection to server at "localhost" (::1), port 5432 failed: FATAL:  database "hypercube" does not exist
7: 
 7/10 Test  #7: IntegrationTest ..................***Failed    0.14 sec
test 8
      Start  8: QueryAPITest

8: Test command: D:\Repositories\Github\AHartTN\Hartonomous-Opus\cpp\build\test_query_api.exe
8: Working Directory: D:/Repositories/Github/AHartTN/Hartonomous-Opus/cpp/build
8: Environment variables: 
8:  HC_DB_NAME=hypercube
8:  HC_DB_USER=hartonomous
8:  HC_DB_PASS=hartonomous
8:  HC_DB_HOST=localhost
8:  HC_DB_PORT=5432
8: Test timeout computed to be: 10000000
8: 
8: +--------------------------------------------------------------+
8: |     Hartonomous Hypercube - Query API Test Suite            |
8: |     Human-Readable Output with Query Results                |
8: +--------------------------------------------------------------+
8: 
8: Connecting to hartonomous@localhost:5432/hypercube...
8: Connection failed: connection to server at "localhost" (::1), port 5432 failed: FATAL:  database "hypercube" does not exist
8: 
 8/10 Test  #8: QueryAPITest .....................***Failed    0.15 sec
test 9
      Start  9: HypercubeTests

9: Test command: D:\Repositories\Github\AHartTN\Hartonomous-Opus\cpp\build\hypercube_tests.exe
9: Working Directory: D:/Repositories/Github/AHartTN/Hartonomous-Opus/cpp/build
9: Test timeout computed to be: 10000000
9: [==========] Running 32 tests from 5 test suites.
9: [----------] Global test environment set-up.
9: [----------] 6 tests from Blake3Test
9: [ RUN      ] Blake3Test.EmptyInput
9: [       OK ] Blake3Test.EmptyInput (0 ms)
9: [ RUN      ] Blake3Test.Deterministic
9: [       OK ] Blake3Test.Deterministic (0 ms)
9: [ RUN      ] Blake3Test.DifferentInputsDifferentHashes
9: [       OK ] Blake3Test.DifferentInputsDifferentHashes (0 ms)
9: [ RUN      ] Blake3Test.AvalancheEffect
9: [       OK ] Blake3Test.AvalancheEffect (0 ms)
9: [ RUN      ] Blake3Test.HexConversion
9: [       OK ] Blake3Test.HexConversion (0 ms)
9: [ RUN      ] Blake3Test.LargeInput
9: [       OK ] Blake3Test.LargeInput (1 ms)
9: [----------] 6 tests from Blake3Test (1 ms total)
9: 
9: [----------] 6 tests from HilbertTest
9: [ RUN      ] HilbertTest.OriginRoundTrip
9: [       OK ] HilbertTest.OriginRoundTrip (0 ms)
9: [ RUN      ] HilbertTest.RoundTrip
9: [       OK ] HilbertTest.RoundTrip (0 ms)
9: [ RUN      ] HilbertTest.LocalityPreservation
9: [       OK ] HilbertTest.LocalityPreservation (0 ms)
9: [ RUN      ] HilbertTest.Uniqueness
9: [       OK ] HilbertTest.Uniqueness (0 ms)
9: [ RUN      ] HilbertTest.AxisCoverage
9: [       OK ] HilbertTest.AxisCoverage (0 ms)
9: [ RUN      ] HilbertTest.MaxCoordinates
9: [       OK ] HilbertTest.MaxCoordinates (0 ms)
9: [----------] 6 tests from HilbertTest (1 ms total)
9: 
9: [----------] 6 tests from CoordinatesTest
9: [ RUN      ] CoordinatesTest.ASCIIMapping
9: [       OK ] CoordinatesTest.ASCIIMapping (0 ms)
9: [ RUN      ] CoordinatesTest.Uniqueness
9: [       OK ] CoordinatesTest.Uniqueness (0 ms)
9: [ RUN      ] CoordinatesTest.CentroidCalculation
9: [       OK ] CoordinatesTest.CentroidCalculation (0 ms)
9: [ RUN      ] CoordinatesTest.WeightedCentroid
9: [       OK ] CoordinatesTest.WeightedCentroid (0 ms)
9: [ RUN      ] CoordinatesTest.CategoryDetection
9: [       OK ] CoordinatesTest.CategoryDetection (0 ms)
9: [ RUN      ] CoordinatesTest.Deterministic
9: [       OK ] CoordinatesTest.Deterministic (0 ms)
9: [----------] 6 tests from CoordinatesTest (0 ms total)
9: 
9: [----------] 5 tests from LaplacianTest
9: [ RUN      ] LaplacianTest.ProjectionOutput
9: 
9: === Laplacian Eigenmap Projection to 4D ===
9: Tokens: 50, Embedding dim: 32
9: 
9: [1] Building k-NN similarity graph (k=5)...
9: [HNSWLIB] Building HNSW index for 50 points, dim=32
9: [HNSWLIB] Index built in 1 ms
9: [HNSWLIB] k-NN queries completed in 107 ms
9: [HNSWLIB] Built k-NN graph with 124 edges
9: 
9: [1.5] Ensuring graph connectivity...
9: [CONNECT] Graph is already connected
9: [MKL] Created sparse matrix handle: 50x50, 248 non-zeros
9: 
9: [2] Building unnormalized Laplacian L = D - W...
9: [MKL] Created sparse matrix handle: 50x50, 248 non-zeros
9: [DEBUG] Laplacian stats: size=50, nnz=248
9: unknown file: error: SEH exception with code 0xc0000005 thrown in the test body.
9: Stack trace:
9: 
9: 
9: [  FAILED  ] LaplacianTest.ProjectionOutput (110 ms)
9: [ RUN      ] LaplacianTest.LocalityPreservation
9: 
9: === Laplacian Eigenmap Projection to 4D ===
9: Tokens: 30, Embedding dim: 16
9: 
9: [1] Building k-NN similarity graph (k=5)...
9: [HNSWLIB] Building HNSW index for 30 points, dim=16
9: [HNSWLIB] Index built in 1 ms
9: [HNSWLIB] k-NN queries completed in 115 ms
9: [HNSWLIB] Built k-NN graph with 75 edges
9: 
9: [1.5] Ensuring graph connectivity...
9: [CONNECT] Found 2 disconnected components
9: [CONNECT] Added 1 edges to ensure connectivity
9: [MKL] Created sparse matrix handle: 30x30, 152 non-zeros
9: 
9: [2] Building unnormalized Laplacian L = D - W...
9: [MKL] Created sparse matrix handle: 30x30, 152 non-zeros
9: [DEBUG] Laplacian stats: size=30, nnz=152
9: unknown file: error: SEH exception with code 0xc0000005 thrown in the test body.
9: Stack trace:
9: 
9: 
9: [  FAILED  ] LaplacianTest.LocalityPreservation (116 ms)
9: [ RUN      ] LaplacianTest.Deterministic
9: 
9: === Laplacian Eigenmap Projection to 4D ===
9: Tokens: 20, Embedding dim: 16
9: 
9: [1] Building k-NN similarity graph (k=3)...
9: [HNSWLIB] Building HNSW index for 20 points, dim=16
9: [HNSWLIB] Index built in 1 ms
9: [HNSWLIB] k-NN queries completed in 114 ms
9: [HNSWLIB] Built k-NN graph with 28 edges
9: 
9: [1.5] Ensuring graph connectivity...
9: [CONNECT] Graph is already connected
9: [MKL] Created sparse matrix handle: 20x20, 56 non-zeros
9: 
9: [2] Building unnormalized Laplacian L = D - W...
9: [MKL] Created sparse matrix handle: 20x20, 56 non-zeros
9: [DEBUG] Laplacian stats: size=20, nnz=56
9: [DEBUG] ||L*1|| = 4.42187 (should be ~0)
9: [DEBUG] Laplacian stats: size=20, nnz=56
9:   diagonal range: [0.193539, 1.62729]
9:   off-diag range: [-0.482114, 0]
9: 
9: [3] Finding 4 smallest non-zero eigenvectors...
9: [EIGEN] Using dense eigendecomposition for 20 points
9: [MKL] Using Intel MKL DSYEVR (optimized for Intel CPUs)
9: [MKL] Eigendecomposition completed in 0 ms
9: [MKL] Found 5 eigenvalues
9: [MKL] Eigenvalues: -1.03826e-16 0.0692284 0.0967504 0.158985 0.167093 ...
9: 
9: [4] Gram-Schmidt orthonormalization...
9: [GS] Gram-Schmidt orthonormalization on 4 columns of length 20
9: [GS] Max off-diagonal dot product: 6.93889e-17
9: 
9: [5] Normalizing to [0, 2^32-1]^4...
9: [NORM] Coordinate ranges before normalization:
9:   dim 0: [-0.385489, 0.329274]
9:   dim 1: [-0.281973, 0.437597]
9:   dim 2: [-0.3061, 0.8032]
9:   dim 3: [-0.639839, 0.299062]
9: [NORM] Normalized 20 points to [0, 2^32-1]^4
9: 
9: [6] Projecting to hypersphere...
9: [SPHERE] Projecting 20 points onto hypersphere (parallel)...
9: [SPHERE] Projection complete
9: 
9: [7] Computing Hilbert indices (parallel)...
9: 
9: === Projection Complete in 0 seconds ===
9: Projected 20 tokens to 4D hypercube
9: Similarity graph edges: 28
9: 
9: === Laplacian Eigenmap Projection to 4D ===
9: Tokens: 20, Embedding dim: 16
9: 
9: [1] Building k-NN similarity graph (k=3)...
9: [HNSWLIB] Building HNSW index for 20 points, dim=16
9: [HNSWLIB] Index built in 1 ms
9: [HNSWLIB] k-NN queries completed in 106 ms
9: [HNSWLIB] Built k-NN graph with 28 edges
9: 
9: [1.5] Ensuring graph connectivity...
9: [CONNECT] Graph is already connected
9: [MKL] Created sparse matrix handle: 20x20, 56 non-zeros
9: 
9: [2] Building unnormalized Laplacian L = D - W...
9: [MKL] Created sparse matrix handle: 20x20, 56 non-zeros
9: [DEBUG] Laplacian stats: size=20, nnz=56
9: [DEBUG] ||L*1|| = 4.42187 (should be ~0)
9: [DEBUG] Laplacian stats: size=20, nnz=56
9:   diagonal range: [0.193539, 1.62729]
9:   off-diag range: [-0.482114, 0]
9: 
9: [3] Finding 4 smallest non-zero eigenvectors...
9: [EIGEN] Using dense eigendecomposition for 20 points
9: [MKL] Using Intel MKL DSYEVR (optimized for Intel CPUs)
9: [MKL] Eigendecomposition completed in 0 ms
9: [MKL] Found 5 eigenvalues
9: [MKL] Eigenvalues: -1.03826e-16 0.0692284 0.0967504 0.158985 0.167093 ...
9: 
9: [4] Gram-Schmidt orthonormalization...
9: [GS] Gram-Schmidt orthonormalization on 4 columns of length 20
9: [GS] Max off-diagonal dot product: 6.93889e-17
9: 
9: [5] Normalizing to [0, 2^32-1]^4...
9: [NORM] Coordinate ranges before normalization:
9:   dim 0: [-0.385489, 0.329274]
9:   dim 1: [-0.281973, 0.437597]
9:   dim 2: [-0.3061, 0.8032]
9:   dim 3: [-0.639839, 0.299062]
9: [NORM] Normalized 20 points to [0, 2^32-1]^4
9: 
9: [6] Projecting to hypersphere...
9: [SPHERE] Projecting 20 points onto hypersphere (parallel)...
9: [SPHERE] Projection complete
9: 
9: [7] Computing Hilbert indices (parallel)...
9: 
9: === Projection Complete in 0 seconds ===
9: Projected 20 tokens to 4D hypercube
9: Similarity graph edges: 28
9: [       OK ] LaplacianTest.Deterministic (225 ms)
9: [ RUN      ] LaplacianTest.SmallDataset
9: 
9: === Laplacian Eigenmap Projection to 4D ===
9: Tokens: 5, Embedding dim: 4
9: 
9: [1] Building k-NN similarity graph (k=2)...
9: [HNSWLIB] Building HNSW index for 5 points, dim=4
9: [HNSWLIB] Index built in 1 ms
9: [HNSWLIB] k-NN queries completed in 106 ms
9: [HNSWLIB] Built k-NN graph with 2 edges
9: 
9: [1.5] Ensuring graph connectivity...
9: [CONNECT] Found 3 disconnected components
9: [CONNECT] Added 2 edges to ensure connectivity
9: [MKL] Created sparse matrix handle: 5x5, 8 non-zeros
9: 
9: [2] Building unnormalized Laplacian L = D - W...
9: [MKL] Created sparse matrix handle: 5x5, 8 non-zeros
9: [DEBUG] Laplacian stats: size=5, nnz=8
9: [DEBUG] ||L*1|| = 1.74037 (should be ~0)
9: [DEBUG] Laplacian stats: size=5, nnz=8
9:   diagonal range: [0.01, 1.41421]
9:   off-diag range: [-0.707107, 0]
9: 
9: [3] Finding 4 smallest non-zero eigenvectors...
9: [EIGEN] Using dense eigendecomposition for 5 points
9: [MKL] Using Intel MKL DSYEVR (optimized for Intel CPUs)
9: [MKL] Eigendecomposition completed in 0 ms
9: [MKL] Found 5 eigenvalues
9: [MKL] Eigenvalues: -5.55112e-17 0.01 0.0164032 0.71732 2.1247 ...
9: 
9: [4] Gram-Schmidt orthonormalization...
9: [GS] Gram-Schmidt orthonormalization on 4 columns of length 5
9: [GS] Max off-diagonal dot product: 6.58909e-17
9: 
9: [5] Normalizing to [0, 2^32-1]^4...
9: [NORM] Coordinate ranges before normalization:
9:   dim 0: [-0.707107, 0.707107]
9:   dim 1: [-0.376667, 0.547627]
9:   dim 2: [-0.701985, 0.711977]
9:   dim 3: [-0.815184, 0.412466]
9: [NORM] Normalized 5 points to [0, 2^32-1]^4
9: 
9: [6] Projecting to hypersphere...
9: [SPHERE] Projecting 5 points onto hypersphere (parallel)...
9: [SPHERE] Projection complete
9: 
9: [7] Computing Hilbert indices (parallel)...
9: 
9: === Projection Complete in 0 seconds ===
9: Projected 5 tokens to 4D hypercube
9: Similarity graph edges: 2
9: [       OK ] LaplacianTest.SmallDataset (109 ms)
9: [ RUN      ] LaplacianTest.SphericalProjection
9: 
9: === Laplacian Eigenmap Projection to 4D ===
9: Tokens: 30, Embedding dim: 16
9: 
9: [1] Building k-NN similarity graph (k=5)...
9: [HNSWLIB] Building HNSW index for 30 points, dim=16
9: [HNSWLIB] Index built in 1 ms
9: [HNSWLIB] k-NN queries completed in 105 ms
9: [HNSWLIB] Built k-NN graph with 80 edges
9: 
9: [1.5] Ensuring graph connectivity...
9: [CONNECT] Graph is already connected
9: [MKL] Created sparse matrix handle: 30x30, 160 non-zeros
9: 
9: [2] Building unnormalized Laplacian L = D - W...
9: [MKL] Created sparse matrix handle: 30x30, 160 non-zeros
9: [DEBUG] Laplacian stats: size=30, nnz=160
9: unknown file: error: SEH exception with code 0xc0000005 thrown in the test body.
9: Stack trace:
9: 
9: 
9: [  FAILED  ] LaplacianTest.SphericalProjection (106 ms)
9: [----------] 5 tests from LaplacianTest (668 ms total)
9: 
9: [----------] 9 tests from BackendTest
9: [ RUN      ] BackendTest.CPUDetection
9: [       OK ] BackendTest.CPUDetection (0 ms)
9: [ RUN      ] BackendTest.SIMDDetection
9: [       OK ] BackendTest.SIMDDetection (0 ms)
9: [ RUN      ] BackendTest.SingletonCaching
9: [       OK ] BackendTest.SingletonCaching (0 ms)
9: [ RUN      ] BackendTest.ConvenienceAccessors
9: [       OK ] BackendTest.ConvenienceAccessors (0 ms)
9: [ RUN      ] BackendTest.SummaryGeneration
9: [       OK ] BackendTest.SummaryGeneration (0 ms)
9: [ RUN      ] BackendTest.BackendSelection
9: [       OK ] BackendTest.BackendSelection (0 ms)
9: [ RUN      ] BackendTest.AVXDetectionIntel
9: [       OK ] BackendTest.AVXDetectionIntel (0 ms)
9: [ RUN      ] BackendTest.EnumNames
9: [       OK ] BackendTest.EnumNames (0 ms)
9: [ RUN      ] BackendTest.SIMDWidth
9: [       OK ] BackendTest.SIMDWidth (0 ms)
9: [----------] 9 tests from BackendTest (0 ms total)
9: 
9: [----------] Global test environment tear-down
9: [==========] 32 tests from 5 test suites ran. (671 ms total)
9: [  PASSED  ] 29 tests.
9: [  FAILED  ] 3 tests, listed below:
9: [  FAILED  ] LaplacianTest.ProjectionOutput
9: [  FAILED  ] LaplacianTest.LocalityPreservation
9: [  FAILED  ] LaplacianTest.SphericalProjection
9: 
9:  3 FAILED TESTS
 9/10 Test  #9: HypercubeTests ...................***Failed    0.84 sec
test 10
      Start 10: HypercubeSQLTests

10: Test command: D:\Repositories\Github\AHartTN\Hartonomous-Opus\cpp\build\hypercube_sql_tests.exe
10: Working Directory: D:/Repositories/Github/AHartTN/Hartonomous-Opus/cpp/build
10: Environment variables: 
10:  HC_DB_NAME=hypercube
10:  HC_DB_USER=hartonomous
10:  HC_DB_PASS=hartonomous
10:  HC_DB_HOST=localhost
10:  HC_DB_PORT=5432
10: Test timeout computed to be: 10000000
10: [==========] Running 20 tests from 3 test suites.
10: [----------] Global test environment set-up.
10: [----------] 7 tests from SQLSchemaTest
10: [ RUN      ] SQLSchemaTest.CoreTablesExist
10: D:/Repositories/Github/AHartTN/Hartonomous-Opus/cpp/tests/gtest/test_sql_schema.cpp(44): Skipped
10: Database connection failed: invalid integer value "hartonomous" for connection option "port"
10: 
10: 
10: [  SKIPPED ] SQLSchemaTest.CoreTablesExist (0 ms)
10: [ RUN      ] SQLSchemaTest.ModelRegistryExists
10: D:/Repositories/Github/AHartTN/Hartonomous-Opus/cpp/tests/gtest/test_sql_schema.cpp(44): Skipped
10: Database connection failed: invalid integer value "hartonomous" for connection option "port"
10: 
10: 
10: [  SKIPPED ] SQLSchemaTest.ModelRegistryExists (0 ms)
10: [ RUN      ] SQLSchemaTest.BigramStatsExists
10: D:/Repositories/Github/AHartTN/Hartonomous-Opus/cpp/tests/gtest/test_sql_schema.cpp(44): Skipped
10: Database connection failed: invalid integer value "hartonomous" for connection option "port"
10: 
10: 
10: [  SKIPPED ] SQLSchemaTest.BigramStatsExists (0 ms)
10: [ RUN      ] SQLSchemaTest.CoreFunctionsExist
10: D:/Repositories/Github/AHartTN/Hartonomous-Opus/cpp/tests/gtest/test_sql_schema.cpp(44): Skipped
10: Database connection failed: invalid integer value "hartonomous" for connection option "port"
10: 
10: 
10: [  SKIPPED ] SQLSchemaTest.CoreFunctionsExist (0 ms)
10: [ RUN      ] SQLSchemaTest.QueryAPIFunctionsExist
10: D:/Repositories/Github/AHartTN/Hartonomous-Opus/cpp/tests/gtest/test_sql_schema.cpp(44): Skipped
10: Database connection failed: invalid integer value "hartonomous" for connection option "port"
10: 
10: 
10: [  SKIPPED ] SQLSchemaTest.QueryAPIFunctionsExist (0 ms)
10: [ RUN      ] SQLSchemaTest.PostGISEnabled
10: D:/Repositories/Github/AHartTN/Hartonomous-Opus/cpp/tests/gtest/test_sql_schema.cpp(44): Skipped
10: Database connection failed: invalid integer value "hartonomous" for connection option "port"
10: 
10: 
10: [  SKIPPED ] SQLSchemaTest.PostGISEnabled (0 ms)
10: [ RUN      ] SQLSchemaTest.GeometryColumns
10: D:/Repositories/Github/AHartTN/Hartonomous-Opus/cpp/tests/gtest/test_sql_schema.cpp(44): Skipped
10: Database connection failed: invalid integer value "hartonomous" for connection option "port"
10: 
10: 
10: [  SKIPPED ] SQLSchemaTest.GeometryColumns (0 ms)
10: [----------] 7 tests from SQLSchemaTest (1 ms total)
10: 
10: [----------] 6 tests from SQLFunctionTest
10: [ RUN      ] SQLFunctionTest.GetOrCreateAtom
10: D:/Repositories/Github/AHartTN/Hartonomous-Opus/cpp/tests/gtest/test_sql_functions.cpp(44): Skipped
10: Database connection failed: invalid integer value "hartonomous" for connection option "port"
10: 
10: 
10: [  SKIPPED ] SQLFunctionTest.GetOrCreateAtom (0 ms)
10: [ RUN      ] SQLFunctionTest.CreateCompositionFromAtoms
10: D:/Repositories/Github/AHartTN/Hartonomous-Opus/cpp/tests/gtest/test_sql_functions.cpp(44): Skipped
10: Database connection failed: invalid integer value "hartonomous" for connection option "port"
10: 
10: 
10: [  SKIPPED ] SQLFunctionTest.CreateCompositionFromAtoms (0 ms)
10: [ RUN      ] SQLFunctionTest.BigramStatsUpdate
10: D:/Repositories/Github/AHartTN/Hartonomous-Opus/cpp/tests/gtest/test_sql_functions.cpp(44): Skipped
10: Database connection failed: invalid integer value "hartonomous" for connection option "port"
10: 
10: 
10: [  SKIPPED ] SQLFunctionTest.BigramStatsUpdate (0 ms)
10: [ RUN      ] SQLFunctionTest.HilbertIndexComputation
10: D:/Repositories/Github/AHartTN/Hartonomous-Opus/cpp/tests/gtest/test_sql_functions.cpp(44): Skipped
10: Database connection failed: invalid integer value "hartonomous" for connection option "port"
10: 
10: 
10: [  SKIPPED ] SQLFunctionTest.HilbertIndexComputation (0 ms)
10: [ RUN      ] SQLFunctionTest.Blake3HashComputation
10: D:/Repositories/Github/AHartTN/Hartonomous-Opus/cpp/tests/gtest/test_sql_functions.cpp(44): Skipped
10: Database connection failed: invalid integer value "hartonomous" for connection option "port"
10: 
10: 
10: [  SKIPPED ] SQLFunctionTest.Blake3HashComputation (0 ms)
10: [ RUN      ] SQLFunctionTest.RelationCreation
10: D:/Repositories/Github/AHartTN/Hartonomous-Opus/cpp/tests/gtest/test_sql_functions.cpp(44): Skipped
10: Database connection failed: invalid integer value "hartonomous" for connection option "port"
10: 
10: 
10: [  SKIPPED ] SQLFunctionTest.RelationCreation (0 ms)
10: [----------] 6 tests from SQLFunctionTest (0 ms total)
10: 
10: [----------] 7 tests from SQLQueryAPITest
10: [ RUN      ] SQLQueryAPITest.SemanticSearchCallable
10: D:/Repositories/Github/AHartTN/Hartonomous-Opus/cpp/tests/gtest/test_sql_query_api.cpp(45): Skipped
10: Database connection failed: invalid integer value "hartonomous" for connection option "port"
10: 
10: 
10: [  SKIPPED ] SQLQueryAPITest.SemanticSearchCallable (0 ms)
10: [ RUN      ] SQLQueryAPITest.GetNeighborsCallable
10: D:/Repositories/Github/AHartTN/Hartonomous-Opus/cpp/tests/gtest/test_sql_query_api.cpp(45): Skipped
10: Database connection failed: invalid integer value "hartonomous" for connection option "port"
10: 
10: 
10: [  SKIPPED ] SQLQueryAPITest.GetNeighborsCallable (0 ms)
10: [ RUN      ] SQLQueryAPITest.HilbertRangeQuery
10: D:/Repositories/Github/AHartTN/Hartonomous-Opus/cpp/tests/gtest/test_sql_query_api.cpp(45): Skipped
10: Database connection failed: invalid integer value "hartonomous" for connection option "port"
10: 
10: 
10: [  SKIPPED ] SQLQueryAPITest.HilbertRangeQuery (0 ms)
10: [ RUN      ] SQLQueryAPITest.SpatialQuery
10: D:/Repositories/Github/AHartTN/Hartonomous-Opus/cpp/tests/gtest/test_sql_query_api.cpp(45): Skipped
10: Database connection failed: invalid integer value "hartonomous" for connection option "port"
10: 
10: 
10: [  SKIPPED ] SQLQueryAPITest.SpatialQuery (0 ms)
10: [ RUN      ] SQLQueryAPITest.RelationTraversal
10: D:/Repositories/Github/AHartTN/Hartonomous-Opus/cpp/tests/gtest/test_sql_query_api.cpp(45): Skipped
10: Database connection failed: invalid integer value "hartonomous" for connection option "port"
10: 
10: 
10: [  SKIPPED ] SQLQueryAPITest.RelationTraversal (0 ms)
10: [ RUN      ] SQLQueryAPITest.ModelRegistryQuery
10: D:/Repositories/Github/AHartTN/Hartonomous-Opus/cpp/tests/gtest/test_sql_query_api.cpp(45): Skipped
10: Database connection failed: invalid integer value "hartonomous" for connection option "port"
10: 
10: 
10: [  SKIPPED ] SQLQueryAPITest.ModelRegistryQuery (0 ms)
10: [ RUN      ] SQLQueryAPITest.AggregateStats
10: D:/Repositories/Github/AHartTN/Hartonomous-Opus/cpp/tests/gtest/test_sql_query_api.cpp(45): Skipped
10: Database connection failed: invalid integer value "hartonomous" for connection option "port"
10: 
10: 
10: [  SKIPPED ] SQLQueryAPITest.AggregateStats (0 ms)
10: [----------] 7 tests from SQLQueryAPITest (0 ms total)
10: 
10: [----------] Global test environment tear-down
10: [==========] 20 tests from 3 test suites ran. (2 ms total)
10: [  PASSED  ] 0 tests.
10: [  SKIPPED ] 20 tests, listed below:
10: [  SKIPPED ] SQLSchemaTest.CoreTablesExist
10: [  SKIPPED ] SQLSchemaTest.ModelRegistryExists
10: [  SKIPPED ] SQLSchemaTest.BigramStatsExists
10: [  SKIPPED ] SQLSchemaTest.CoreFunctionsExist
10: [  SKIPPED ] SQLSchemaTest.QueryAPIFunctionsExist
10: [  SKIPPED ] SQLSchemaTest.PostGISEnabled
10: [  SKIPPED ] SQLSchemaTest.GeometryColumns
10: [  SKIPPED ] SQLFunctionTest.GetOrCreateAtom
10: [  SKIPPED ] SQLFunctionTest.CreateCompositionFromAtoms
10: [  SKIPPED ] SQLFunctionTest.BigramStatsUpdate
10: [  SKIPPED ] SQLFunctionTest.HilbertIndexComputation
10: [  SKIPPED ] SQLFunctionTest.Blake3HashComputation
10: [  SKIPPED ] SQLFunctionTest.RelationCreation
10: [  SKIPPED ] SQLQueryAPITest.SemanticSearchCallable
10: [  SKIPPED ] SQLQueryAPITest.GetNeighborsCallable
10: [  SKIPPED ] SQLQueryAPITest.HilbertRangeQuery
10: [  SKIPPED ] SQLQueryAPITest.SpatialQuery
10: [  SKIPPED ] SQLQueryAPITest.RelationTraversal
10: [  SKIPPED ] SQLQueryAPITest.ModelRegistryQuery
10: [  SKIPPED ] SQLQueryAPITest.AggregateStats
10/10 Test #10: HypercubeSQLTests ................   Passed    0.11 sec

40% tests passed, 6 tests failed out of 10

Total Test time (real) =   5.89 sec

The following tests FAILED:
	  4 - SemanticTest (Failed)
	  5 - ClusteringTest (Failed)
	  6 - Laplacian4DTest (SEGFAULT)
	  7 - IntegrationTest (Failed)
	  8 - QueryAPITest (Failed)
	  9 - HypercubeTests (Failed)
Errors while running CTest
Output from these tests are in: D:/Repositories/Github/AHartTN/Hartonomous-Opus/cpp/build/Testing/Temporary/LastTest.log
Use "--rerun-failed --output-on-failure" to re-run the failed cases verbosely.
