Hartonomous environment loaded
  Database: hypercube @ localhost:5432
  User:     hartonomous
  Project:  /mnt/d/Repositories/Github/AHartTN/Hartonomous-Opus

[0;36mâ•”â•â•â•â•â•â•â•â•â•â•â•â•â•â•â•â•â•â•â•â•â•â•â•â•â•â•â•â•â•â•â•â•â•â•â•â•â•â•â•â•â•â•â•â•â•â•â•â•â•â•â•â•â•â•â•â•â•â•â•â•â•â•â•—[0m
[0;36mâ•‘     Hartonomous Hypercube - Validation                       â•‘[0m
[0;36mâ•šâ•â•â•â•â•â•â•â•â•â•â•â•â•â•â•â•â•â•â•â•â•â•â•â•â•â•â•â•â•â•â•â•â•â•â•â•â•â•â•â•â•â•â•â•â•â•â•â•â•â•â•â•â•â•â•â•â•â•â•â•â•â•â•[0m

[1/4] Testing PostgreSQL connection... [0;32mOK[0m
[2/4] Checking database 'hypercube'... [0;32mEXISTS[0m
[3/4] Reading database state...

  â”Œâ”€â”€â”€â”€â”€â”€â”€â”€â”€â”€â”€â”€â”€â”€â”€â”€â”€â”€â”€â”€â”€â”€â”€â”€â”€â”€â”€â”€â”€â”€â”€â”€â”€â”€â”€â”€â”€â”€â”€â”€â”€â”
  â”‚  TABLE               â”‚  COUNT           â”‚
  â”œâ”€â”€â”€â”€â”€â”€â”€â”€â”€â”€â”€â”€â”€â”€â”€â”€â”€â”€â”€â”€â”€â”€â”€â”€â”€â”€â”€â”€â”€â”€â”€â”€â”€â”€â”€â”€â”€â”€â”€â”€â”€â”¤
  â”‚  Atoms               â”‚     1114112  â”‚
  â”‚  Compositions        â”‚[0;32m       31151[0m  â”‚
  â”‚  Relations           â”‚[1;33m           0[0m  â”‚
  â”‚  Composition Childrenâ”‚[0;36m       62302[0m  â”‚
  â”‚  With Centroids      â”‚[0;36m       31151[0m  â”‚
  â””â”€â”€â”€â”€â”€â”€â”€â”€â”€â”€â”€â”€â”€â”€â”€â”€â”€â”€â”€â”€â”€â”€â”€â”€â”€â”€â”€â”€â”€â”€â”€â”€â”€â”€â”€â”€â”€â”€â”€â”€â”€â”˜

[4/4] Running test suite...


â•”â•â•â•â•â•â•â•â•â•â•â•â•â•â•â•â•â•â•â•â•â•â•â•â•â•â•â•â•â•â•â•â•â•â•â•â•â•â•â•â•â•â•â•â•â•â•â•â•â•â•â•â•â•â•â•â•â•â•â•â•â•â•â•—
â•‘     Hartonomous Hypercube - Test Suite (Linux)               â•‘
â•šâ•â•â•â•â•â•â•â•â•â•â•â•â•â•â•â•â•â•â•â•â•â•â•â•â•â•â•â•â•â•â•â•â•â•â•â•â•â•â•â•â•â•â•â•â•â•â•â•â•â•â•â•â•â•â•â•â•â•â•â•â•â•â•

[0;34mâ”€â”€â”€ C++ Unit Tests â”€â”€â”€â”€â”€â”€â”€â”€â”€â”€â”€â”€â”€â”€â”€â”€â”€â”€â”€â”€â”€â”€â”€â”€â”€â”€â”€â”€â”€â”€â”€â”€â”€â”€â”€â”€â”€â”€â”€â”€[0m
  Skipping test_hilbert [1;33m(not built)[0m
  Skipping test_coordinates [1;33m(not built)[0m
  Skipping test_blake3 [1;33m(not built)[0m
  Skipping test_semantic [1;33m(not built)[0m
  Skipping test_clustering [1;33m(not built)[0m

[0;34mâ”€â”€â”€ Database Connectivity â”€â”€â”€â”€â”€â”€â”€â”€â”€â”€â”€â”€â”€â”€â”€â”€â”€â”€â”€â”€â”€â”€â”€â”€â”€â”€â”€â”€â”€â”€â”€â”€â”€[0m
  Testing: PostgreSQL connection... [0;32mPASSED[0m
  Testing: PostGIS extension... [0;32mPASSED[0m

[0;34mâ”€â”€â”€ Schema Validation â”€â”€â”€â”€â”€â”€â”€â”€â”€â”€â”€â”€â”€â”€â”€â”€â”€â”€â”€â”€â”€â”€â”€â”€â”€â”€â”€â”€â”€â”€â”€â”€â”€â”€â”€â”€â”€[0m
  Testing: Atom table exists... [0;32mPASSED[0m
  Testing: GIST index exists... [0;32mPASSED[0m
  Testing: Hilbert index exists... [0;32mPASSED[0m

[0;34mâ”€â”€â”€ Atom Seeding â”€â”€â”€â”€â”€â”€â”€â”€â”€â”€â”€â”€â”€â”€â”€â”€â”€â”€â”€â”€â”€â”€â”€â”€â”€â”€â”€â”€â”€â”€â”€â”€â”€â”€â”€â”€â”€â”€â”€â”€â”€â”€[0m
  Leaf atoms (codepoints): 1114112
  Testing: All Unicode atoms seeded (>1.1M)... [0;32mPASSED[0m

[0;34mâ”€â”€â”€ Data Validation â”€â”€â”€â”€â”€â”€â”€â”€â”€â”€â”€â”€â”€â”€â”€â”€â”€â”€â”€â”€â”€â”€â”€â”€â”€â”€â”€â”€â”€â”€â”€â”€â”€â”€â”€â”€â”€â”€â”€[0m
  (validate_atoms not available)

[0;34mâ”€â”€â”€ Compositions â”€â”€â”€â”€â”€â”€â”€â”€â”€â”€â”€â”€â”€â”€â”€â”€â”€â”€â”€â”€â”€â”€â”€â”€â”€â”€â”€â”€â”€â”€â”€â”€â”€â”€â”€â”€â”€â”€â”€â”€â”€â”€[0m
  Compositions: 31151
  Semantic edges: 
  Testing: Has compositions (depth > 0)... [0;32mPASSED[0m

[0;34mâ”€â”€â”€ SQL Function Tests â”€â”€â”€â”€â”€â”€â”€â”€â”€â”€â”€â”€â”€â”€â”€â”€â”€â”€â”€â”€â”€â”€â”€â”€â”€â”€â”€â”€â”€â”€â”€â”€â”€â”€â”€â”€[0m
  Testing: atom_is_leaf()... [0;32mPASSED[0m
  Testing: atom_centroid()... [0;31mFAILED[0m
    Got: 'ERROR:columnnotation.xappliedtotypegeometry,whichisnotacompositetypeLINE1:SELECT(atom_centroid((SELECTidFROMatomWHEREcodepoint=...^'
  Testing: atom_reconstruct_text()... [0;32mPASSED[0m
  Testing: atom_content_hash()... [0;31mFAILED[0m
    Got hash length: 'ERROR:functionatom_content_hash(unknown)doesnotexistLINE1:SELECTlength(encode(atom_content_hash('hello'),'hex'))^HINT:Nofunctionmatchesthegivennameandargumenttypes.Youmightneedtoaddexplicittypecasts.' (expected 64)

[0;34mâ”€â”€â”€ AI/ML Operations â”€â”€â”€â”€â”€â”€â”€â”€â”€â”€â”€â”€â”€â”€â”€â”€â”€â”€â”€â”€â”€â”€â”€â”€â”€â”€â”€â”€â”€â”€â”€â”€â”€â”€â”€â”€â”€â”€[0m
  Testing: semantic_neighbors()... [0;32mPASSED[0m
  Testing: attention()... [0;31mFAILED[0m
    Got: 'ERROR:column"depth"doesnotexistLINE1:...OUNT(*)FROMattention((SELECTidFROMatomWHEREdepth>0...^'
  Testing: Content hash: 'A'... [0;31mFAILED[0m
    Got: 'ERROR:functionatom_content_hash(unknown)doesnotexistLINE1:SELECTEXISTS(SELECT1FROMatomWHEREid=atom_content_has...^HINT:Nofunctionmatchesthegivennameandargumenttypes.Youmightneedtoaddexplicittypecasts.'
  Testing: Content hash: '#'... [0;31mFAILED[0m
    Got: 'ERROR:functionatom_content_hash(unknown)doesnotexistLINE1:SELECTEXISTS(SELECT1FROMatomWHEREid=atom_content_has...^HINT:Nofunctionmatchesthegivennameandargumenttypes.Youmightneedtoaddexplicittypecasts.'
  Testing: Spatial KNN... [0;31mFAILED[0m
  Testing: Hilbert range query... [0;32mPASSED[0m

[0;34mâ”€â”€â”€ C++ Integration Tests â”€â”€â”€â”€â”€â”€â”€â”€â”€â”€â”€â”€â”€â”€â”€â”€â”€â”€â”€â”€â”€â”€â”€â”€â”€â”€â”€â”€â”€â”€â”€â”€â”€[0m

â•â•â•â•â•â•â•â•â•â•â•â•â•â•â•â•â•â•â•â•â•â•â•â•â•â•â•â•â•â•â•â•â•â•â•â•â•â•â•â•â•â•â•â•â•â•â•â•â•â•â•â•â•â•â•â•â•â•â•â•â•â•â•â•
  [0;31m6 tests failed[0m, 11 passed
â•â•â•â•â•â•â•â•â•â•â•â•â•â•â•â•â•â•â•â•â•â•â•â•â•â•â•â•â•â•â•â•â•â•â•â•â•â•â•â•â•â•â•â•â•â•â•â•â•â•â•â•â•â•â•â•â•â•â•â•â•â•â•â•

System Statistics:

[0;31mâ•â•â•â•â•â•â•â•â•â•â•â•â•â•â•â•â•â•â•â•â•â•â•â•â•â•â•â•â•â•â•â•â•â•â•â•â•â•â•â•â•â•â•â•â•â•â•â•â•â•â•â•â•â•â•â•â•â•â•[0m
[0;31m  VALIDATION FAILED[0m
[0;31mâ•â•â•â•â•â•â•â•â•â•â•â•â•â•â•â•â•â•â•â•â•â•â•â•â•â•â•â•â•â•â•â•â•â•â•â•â•â•â•â•â•â•â•â•â•â•â•â•â•â•â•â•â•â•â•â•â•â•â•[0m
