-- Building for: Ninja
-- The CXX compiler identification is Clang 21.1.8 with GNU-like command-line
-- The C compiler identification is Clang 21.1.8 with GNU-like command-line
-- Detecting CXX compiler ABI info
-- Detecting CXX compiler ABI info - done
-- Check for working CXX compiler: C:/Program Files/LLVM/bin/clang++.exe - skipped
-- Detecting CXX compile features
-- Detecting CXX compile features - done
-- Detecting C compiler ABI info
-- Detecting C compiler ABI info - done
-- Check for working C compiler: C:/Program Files/LLVM/bin/clang.exe - skipped
-- Detecting C compile features
-- Detecting C compile features - done
-- Performing Test CMAKE_HAVE_LIBC_PTHREAD
-- Performing Test CMAKE_HAVE_LIBC_PTHREAD - Failed
-- Looking for pthread_create in pthreads
-- Looking for pthread_create in pthreads - not found
-- Looking for pthread_create in pthread
-- Looking for pthread_create in pthread - not found
-- Check if compiler accepts -pthread
-- Check if compiler accepts -pthread - no
-- Found Threads: TRUE
-- Found OpenMP_C: -fopenmp=libomp (found version "5.1")
-- Found OpenMP_CXX: -fopenmp=libomp (found version "5.1")
-- Found OpenMP: TRUE (found version "5.1")
-- OpenMP: Found (version 5.1)
--   OpenMP C++ flags: -fopenmp=libomp
--   OpenMP C++ libraries: D:/Microsoft Visual Studio/18/Community/VC/Tools/MSVC/14.50.35717/lib/x64/libomp.lib
-- Detecting MKL...
-- Using MKLROOT from environment: D:\Intel\oneAPI\mkl\latest
-- MKL detection results:
--   MKL_INCLUDE_DIR: D:/Intel/oneAPI/mkl/latest/include
--   MKL_CORE_LIB: D:/Intel/oneAPI/mkl/latest/lib/mkl_core.lib
--   MKL_INTL_LP64_LIB: D:/Intel/oneAPI/mkl/latest/lib/mkl_intel_lp64.lib
--   MKL_THREAD_LIB: D:/Intel/oneAPI/mkl/latest/lib/mkl_intel_thread.lib
--   MKL_IOMP5_LIB: D:/Intel/oneAPI/compiler/latest/lib/libiomp5md.lib
--   MKL_IOMP5_DLL: D:/Intel/oneAPI/compiler/2025.3/bin/libiomp5md.dll
-- SUCCESS: MKL detected - will use MKL BLAS operations (PARALLEL mode)
-- Skipping Eigen3 (MKL is preferred)
-- Compiler: Clang 21.1.8
-- SIMD: Native architecture (march=native)
-- PostgreSQL: PostgreSQL 18.1
-- PostgreSQL server includes: D:/PostgreSQL/18/include/server
-- PostgreSQL pkglibdir: D:/PostgreSQL/18/lib
-- HNSWLIB: Found at D:/Repositories/Github/AHartTN/Hartonomous-Opus/cpp/include/hnswlib
-- Found postgres.lib: D:/PostgreSQL/18/lib/postgres.lib
-- Found PostgreSQL client library: optimized;D:/vcpkg/installed/x64-windows/lib/libpq.lib;debug;D:/vcpkg/installed/x64-windows/debug/lib/libpq.lib
-- seed_atoms_parallel will be built
-- Found Google Test: 
-- 
-- === Hypercube Build Configuration ===
-- Build type: Release
-- C++ compiler: Clang 21.1.8
-- C compiler: Clang 21.1.8
-- PostgreSQL extension: ON
-- PostgreSQL tools: ON
-- Intel MKL: ON
-- HNSWLIB: ON
-- Tests: ON (Google Test)
-- 
-- Configuring done (9.7s)
-- Generating done (0.2s)
-- Build files have been written to: D:/Repositories/Github/AHartTN/Hartonomous-Opus/cpp/build
[1/86] Building CXX object CMakeFiles/hypercube_core.dir/src/core/hilbert.cpp.obj
[2/86] Building CXX object CMakeFiles/hypercube_ingest.dir/src/db/geometry.cpp.obj
[3/86] Building CXX object CMakeFiles/hypercube_core.dir/src/core/blake3_pg.cpp.obj
[4/86] Building CXX object CMakeFiles/hypercube_core.dir/src/core/atom_calculator.cpp.obj
[5/86] Building C object CMakeFiles/hypercube.dir/src/pg/hypercube_pg.c.obj
[6/86] Building CXX object CMakeFiles/hypercube_core.dir/src/util/utf8.cpp.obj
[7/86] Building C object CMakeFiles/embedding_ops.dir/src/pg/embedding_ops_pg.c.obj
[8/86] Building C object CMakeFiles/semantic_ops.dir/src/pg/semantic_ops_pg.c.obj
[9/86] Building C object CMakeFiles/generative.dir/src/pg/generative_pg.c.obj
[10/86] Building CXX object CMakeFiles/test_hilbert.dir/tests/test_hilbert.cpp.obj
D:/Repositories/Github/AHartTN/Hartonomous-Opus/cpp/tests/test_hilbert.cpp:138:18: warning: unused variable 'dist1' [-Wunused-variable]
  138 |     HilbertIndex dist1 = HilbertIndex::abs_distance(a, b);
      |                  ^~~~~
D:/Repositories/Github/AHartTN/Hartonomous-Opus/cpp/tests/test_hilbert.cpp:139:18: warning: unused variable 'dist2' [-Wunused-variable]
  139 |     HilbertIndex dist2 = HilbertIndex::abs_distance(b, a);
      |                  ^~~~~
D:/Repositories/Github/AHartTN/Hartonomous-Opus/cpp/tests/test_hilbert.cpp:146:18: warning: unused variable 'zero' [-Wunused-variable]
  146 |     HilbertIndex zero(0, 0);
      |                  ^~~~
D:/Repositories/Github/AHartTN/Hartonomous-Opus/cpp/tests/test_hilbert.cpp:147:18: warning: unused variable 'dist_zero' [-Wunused-variable]
  147 |     HilbertIndex dist_zero = HilbertIndex::abs_distance(a, a);
      |                  ^~~~~~~~~
D:/Repositories/Github/AHartTN/Hartonomous-Opus/cpp/tests/test_hilbert.cpp:184:13: warning: unused variable 'raw_coords' [-Wunused-variable]
  184 |     Point4D raw_coords = HilbertCurve::index_to_raw_coords(idx);
      |             ^~~~~~~~~~
D:/Repositories/Github/AHartTN/Hartonomous-Opus/cpp/tests/test_hilbert.cpp:208:18: warning: unused variable 'i1' [-Wunused-variable]
  208 |     HilbertIndex i1 = HilbertCurve::coords_to_index(p1);
      |                  ^~
D:/Repositories/Github/AHartTN/Hartonomous-Opus/cpp/tests/test_hilbert.cpp:209:18: warning: unused variable 'i2' [-Wunused-variable]
  209 |     HilbertIndex i2 = HilbertCurve::coords_to_index(p2);
      |                  ^~
7 warnings generated.
[11/86] Building C object CMakeFiles/hypercube_ops.dir/src/pg/hypercube_ops_pg.c.obj
[12/86] Building CXX object CMakeFiles/generative_c.dir/src/bridge/generative_c.cpp.obj
FAILED: [code=1] CMakeFiles/generative_c.dir/src/bridge/generative_c.cpp.obj 
C:\PROGRA~1\LLVM\bin\CLANG_~1.EXE -DGENERATIVE_C_EXPORTS -DHAS_AVX=1 -DHAS_HNSWLIB=1 -DHAS_MKL=1 -DHAS_OPENMP=1 -Dgenerative_c_EXPORTS -ID:/Repositories/Github/AHartTN/Hartonomous-Opus/cpp/include -ID:/Repositories/Github/AHartTN/Hartonomous-Opus/cpp/include/hnswlib -ID:/Intel/oneAPI/mkl/latest/include -O3 -DNDEBUG -Wall -Wextra -march=native -mtune=native -ffast-math -std=c++20 -D_DLL -D_MT -Xclang --dependent-lib=msvcrt -Wno-unused-parameter -Wno-sign-compare -fopenmp=libomp -MD -MT CMakeFiles/generative_c.dir/src/bridge/generative_c.cpp.obj -MF CMakeFiles\generative_c.dir\src\bridge\generative_c.cpp.obj.d -o CMakeFiles/generative_c.dir/src/bridge/generative_c.cpp.obj -c D:/Repositories/Github/AHartTN/Hartonomous-Opus/cpp/src/bridge/generative_c.cpp
D:/Repositories/Github/AHartTN/Hartonomous-Opus/cpp/src/bridge/generative_c.cpp:300:5: error: unknown type name 'AtomCalculator'
  300 |     AtomCalculator calc;
      |     ^
1 error generated.
[13/86] Building CXX object CMakeFiles/hypercube_ingest.dir/src/ingest/universal.cpp.obj
[14/86] Building CXX object CMakeFiles/hypercube_ingest.dir/src/db/atom_cache.cpp.obj
[15/86] Building CXX object CMakeFiles/hypercube_c.dir/src/bridge/hypercube_c.cpp.obj
[16/86] Building CXX object CMakeFiles/embedding_c.dir/src/bridge/embedding_c.cpp.obj
[17/86] Building CXX object CMakeFiles/hypercube_ingest.dir/src/db/insert.cpp.obj
[18/86] Building CXX object CMakeFiles/test_blake3.dir/tests/test_blake3.cpp.obj
[19/86] Building CXX object CMakeFiles/hypercube_ingest.dir/src/ingest/cpe.cpp.obj
[20/86] Building CXX object CMakeFiles/hypercube_core.dir/src/core/coordinates.cpp.obj
D:/Repositories/Github/AHartTN/Hartonomous-Opus/cpp/src/core/coordinates.cpp:1142:10: warning: unused variable 'tangent_basis' [-Wunused-variable]
 1142 |     auto tangent_basis = [](const Point4F& p) -> std::array<Point4F, 3> {
      |          ^~~~~~~~~~~~~
D:/Repositories/Github/AHartTN/Hartonomous-Opus/cpp/src/core/coordinates.cpp:1286:12: warning: variable 'prev_energy' set but not used [-Wunused-but-set-variable]
 1286 |     double prev_energy = 0.0;
      |            ^
D:/Repositories/Github/AHartTN/Hartonomous-Opus/cpp/src/core/coordinates.cpp:74:14: warning: unused variable 'PHI' [-Wunused-const-variable]
   74 | const double PHI = (1.0 + std::sqrt(5.0)) / 2.0; // Golden ratio
      |              ^~~
D:/Repositories/Github/AHartTN/Hartonomous-Opus/cpp/src/core/coordinates.cpp:81:17: warning: unused function 'quantize_unit_to_u32' [-Wunused-function]
   81 | static uint32_t quantize_unit_to_u32(double v) noexcept {
      |                 ^~~~~~~~~~~~~~~~~~~~
D:/Repositories/Github/AHartTN/Hartonomous-Opus/cpp/src/core/coordinates.cpp:171:10: warning: unused function 'get_script_id' [-Wunused-function]
  171 | uint32_t get_script_id(uint32_t cp) {
      |          ^~~~~~~~~~~~~
D:/Repositories/Github/AHartTN/Hartonomous-Opus/cpp/src/core/coordinates.cpp:204:10: warning: unused function 'case_fold' [-Wunused-function]
  204 | uint32_t case_fold(uint32_t cp) {
      |          ^~~~~~~~~
6 warnings generated.
[21/86] Building CXX object CMakeFiles/test_coordinates.dir/tests/test_coordinates.cpp.obj
D:/Repositories/Github/AHartTN/Hartonomous-Opus/cpp/tests/test_coordinates.cpp:249:13: warning: unused variable 'coords1' [-Wunused-variable]
  249 |     Point4D coords1 = CoordinateMapper::map_codepoint(test_cp);
      |             ^~~~~~~
D:/Repositories/Github/AHartTN/Hartonomous-Opus/cpp/tests/test_coordinates.cpp:250:13: warning: unused variable 'coords2' [-Wunused-variable]
  250 |     Point4D coords2 = CoordinateMapper::map_codepoint(test_cp);
      |             ^~~~~~~
D:/Repositories/Github/AHartTN/Hartonomous-Opus/cpp/tests/test_coordinates.cpp:263:17: warning: unused variable 'coords' [-Wunused-variable]
  263 |         Point4D coords = CoordinateMapper::map_codepoint(cp);
      |                 ^~~~~~
D:/Repositories/Github/AHartTN/Hartonomous-Opus/cpp/tests/test_coordinates.cpp:406:18: warning: unused variable 'q1' [-Wunused-variable]
  406 |         uint32_t q1 = quantize_unit_to_u32(v);
      |                  ^~
D:/Repositories/Github/AHartTN/Hartonomous-Opus/cpp/tests/test_coordinates.cpp:407:18: warning: unused variable 'q2' [-Wunused-variable]
  407 |         uint32_t q2 = quantize_unit_to_u32(v + 0.001);
      |                  ^~
D:/Repositories/Github/AHartTN/Hartonomous-Opus/cpp/tests/test_coordinates.cpp:536:22: warning: unused variable 'hilbert2' [-Wunused-variable]
  536 |         HilbertIndex hilbert2 = HilbertCurve::coords_to_index(coords);
      |                      ^~~~~~~~
D:/Repositories/Github/AHartTN/Hartonomous-Opus/cpp/tests/test_coordinates.cpp:782:17: warning: unused variable 'coords' [-Wunused-variable]
  782 |         Point4D coords = mapping.coords;
      |                 ^~~~~~
D:/Repositories/Github/AHartTN/Hartonomous-Opus/cpp/tests/test_coordinates.cpp:785:18: warning: unused variable 'expected_x' [-Wunused-variable]
  785 |         uint32_t expected_x = 0x80000000U ^ 0x7FFFFFFFU;
      |                  ^~~~~~~~~~
D:/Repositories/Github/AHartTN/Hartonomous-Opus/cpp/tests/test_coordinates.cpp:804:14: warning: unused variable 'normal_key' [-Wunused-variable]
  804 |     uint64_t normal_key = (static_cast<uint64_t>(normal.x) << 32) | normal.y;
      |              ^~~~~~~~~~
9 warnings generated.
[22/86] Building CXX object CMakeFiles/test_clustering.dir/tests/test_clustering.cpp.obj
D:/Repositories/Github/AHartTN/Hartonomous-Opus/cpp/tests/test_clustering.cpp:77:12: warning: unused variable 'avg_case_distance' [-Wunused-variable]
   77 |     double avg_case_distance = total_case_distance / case_pairs.size();
      |            ^~~~~~~~~~~~~~~~~
1 warning generated.
[23/86] Building CXX object CMakeFiles/hypercube_ingest.dir/src/ingest/projection_db.cpp.obj
D:/Repositories/Github/AHartTN/Hartonomous-Opus/cpp/src/ingest/projection_db.cpp:181:13: warning: unused function 'sql_escape' [-Wunused-function]
  181 | std::string sql_escape(const std::string& s) {
      |             ^~~~~~~~~~
1 warning generated.
[24/86] Building CXX object CMakeFiles/hypercube_core.dir/src/core/lanczos.cpp.obj
[25/86] Building CXX object CMakeFiles/hypercube_core.dir/src/core/ops.cpp.obj
[26/86] Building CXX object CMakeFiles/hypercube_ingest.dir/src/ingest/parallel_cpe.cpp.obj
[27/86] Building CXX object CMakeFiles/test_semantic.dir/tests/test_semantic.cpp.obj
[28/86] Building CXX object CMakeFiles/hypercube_ingest.dir/src/ingest/sequitur.cpp.obj
[29/86] Building CXX object CMakeFiles/test_laplacian_4d.dir/tests/test_laplacian_4d.cpp.obj
[30/86] Building CXX object CMakeFiles/hypercube_ingest.dir/src/ingest/tensor_io.cpp.obj
In file included from D:/Repositories/Github/AHartTN/Hartonomous-Opus/cpp/src/ingest/tensor_io.cpp:9:
In file included from D:/Repositories/Github/AHartTN/Hartonomous-Opus/cpp/include\hypercube/ingest/db_operations.hpp:41:
In file included from D:/Repositories/Github/AHartTN/Hartonomous-Opus/cpp/include\hypercube/ingest/context.hpp:18:
D:/Repositories/Github/AHartTN/Hartonomous-Opus/cpp/include\hypercube/ingest/model_manifest.hpp:398:54: warning: '&&' within '||' [-Wlogical-op-parentheses]
  397 |         lower_name.find("bbox_embed") != std::string::npos ||
      |                                                            ~~
  398 |         lower_name.find("bbox") != std::string::npos && lower_name.find("pred") != std::string::npos) {
      |         ~~~~~~~~~~~~~~~~~~~~~~~~~~~~~~~~~~~~~~~~~~~~~^~~~~~~~~~~~~~~~~~~~~~~~~~~~~~~~~~~~~~~~~~~~~~~
D:/Repositories/Github/AHartTN/Hartonomous-Opus/cpp/include\hypercube/ingest/model_manifest.hpp:398:54: note: place parentheses around the '&&' expression to silence this warning
  398 |         lower_name.find("bbox") != std::string::npos && lower_name.find("pred") != std::string::npos) {
      |                                                      ^                                              
      |         (                                                                                           )
D:/Repositories/Github/AHartTN/Hartonomous-Opus/cpp/include\hypercube/ingest/model_manifest.hpp:522:51: warning: '&&' within '||' [-Wlogical-op-parentheses]
  521 |         lower_name.find("fpn") != std::string::npos ||
      |                                                     ~~
  522 |         lower_name.find("p") != std::string::npos && lower_name.find("conv") != std::string::npos ||
      |         ~~~~~~~~~~~~~~~~~~~~~~~~~~~~~~~~~~~~~~~~~~^~~~~~~~~~~~~~~~~~~~~~~~~~~~~~~~~~~~~~~~~~~~~~~
D:/Repositories/Github/AHartTN/Hartonomous-Opus/cpp/include\hypercube/ingest/model_manifest.hpp:522:51: note: place parentheses around the '&&' expression to silence this warning
  522 |         lower_name.find("p") != std::string::npos && lower_name.find("conv") != std::string::npos ||
      |                                                   ^
      |         (                                                                                        )
D:/Repositories/Github/AHartTN/Hartonomous-Opus/cpp/include\hypercube/ingest/model_manifest.hpp:523:56: warning: '&&' within '||' [-Wlogical-op-parentheses]
  522 |         lower_name.find("p") != std::string::npos && lower_name.find("conv") != std::string::npos ||
      |                                                                                                   ~~
  523 |         lower_name.find("reduce") != std::string::npos && lower_name.find("conv") != std::string::npos) {
      |         ~~~~~~~~~~~~~~~~~~~~~~~~~~~~~~~~~~~~~~~~~~~~~~~^~~~~~~~~~~~~~~~~~~~~~~~~~~~~~~~~~~~~~~~~~~~~~~
D:/Repositories/Github/AHartTN/Hartonomous-Opus/cpp/include\hypercube/ingest/model_manifest.hpp:523:56: note: place parentheses around the '&&' expression to silence this warning
  523 |         lower_name.find("reduce") != std::string::npos && lower_name.find("conv") != std::string::npos) {
      |                                                        ^                                              
      |         (                                                                                             )
D:/Repositories/Github/AHartTN/Hartonomous-Opus/cpp/include\hypercube/ingest/model_manifest.hpp:727:54: warning: '&&' within '||' [-Wlogical-op-parentheses]
  726 |         lower_name.find("cache") != std::string::npos ||
      |                                                       ~~
  727 |         lower_name.find("mask") != std::string::npos && shape.size() == 1) {
      |         ~~~~~~~~~~~~~~~~~~~~~~~~~~~~~~~~~~~~~~~~~~~~~^~~~~~~~~~~~~~~~~~~~
D:/Repositories/Github/AHartTN/Hartonomous-Opus/cpp/include\hypercube/ingest/model_manifest.hpp:727:54: note: place parentheses around the '&&' expression to silence this warning
  727 |         lower_name.find("mask") != std::string::npos && shape.size() == 1) {
      |                                                      ^                   
      |         (                                                                )
In file included from D:/Repositories/Github/AHartTN/Hartonomous-Opus/cpp/src/ingest/tensor_io.cpp:9:
In file included from D:/Repositories/Github/AHartTN/Hartonomous-Opus/cpp/include\hypercube/ingest/db_operations.hpp:49:
D:/Repositories/Github/AHartTN/Hartonomous-Opus/cpp/include/hnswlib\hnswlib/hnswlib.h:89:13: warning: unused function 'AVX512Capable' [-Wunused-function]
   89 | static bool AVX512Capable() {
      |             ^~~~~~~~~~~~~
5 warnings generated.
[31/86] Building CXX object CMakeFiles/hypercube_ingest.dir/src/ingest/pmi_contraction.cpp.obj
[32/86] Building CXX object CMakeFiles/hypercube_ingest.dir/src/ingest/compositions.cpp.obj
In file included from D:/Repositories/Github/AHartTN/Hartonomous-Opus/cpp/src/ingest/compositions.cpp:9:
In file included from D:/Repositories/Github/AHartTN/Hartonomous-Opus/cpp/include\hypercube/ingest/db_operations.hpp:41:
In file included from D:/Repositories/Github/AHartTN/Hartonomous-Opus/cpp/include\hypercube/ingest/context.hpp:18:
D:/Repositories/Github/AHartTN/Hartonomous-Opus/cpp/include\hypercube/ingest/model_manifest.hpp:398:54: warning: '&&' within '||' [-Wlogical-op-parentheses]
  397 |         lower_name.find("bbox_embed") != std::string::npos ||
      |                                                            ~~
  398 |         lower_name.find("bbox") != std::string::npos && lower_name.find("pred") != std::string::npos) {
      |         ~~~~~~~~~~~~~~~~~~~~~~~~~~~~~~~~~~~~~~~~~~~~~^~~~~~~~~~~~~~~~~~~~~~~~~~~~~~~~~~~~~~~~~~~~~~~
D:/Repositories/Github/AHartTN/Hartonomous-Opus/cpp/include\hypercube/ingest/model_manifest.hpp:398:54: note: place parentheses around the '&&' expression to silence this warning
  398 |         lower_name.find("bbox") != std::string::npos && lower_name.find("pred") != std::string::npos) {
      |                                                      ^                                              
      |         (                                                                                           )
D:/Repositories/Github/AHartTN/Hartonomous-Opus/cpp/include\hypercube/ingest/model_manifest.hpp:522:51: warning: '&&' within '||' [-Wlogical-op-parentheses]
  521 |         lower_name.find("fpn") != std::string::npos ||
      |                                                     ~~
  522 |         lower_name.find("p") != std::string::npos && lower_name.find("conv") != std::string::npos ||
      |         ~~~~~~~~~~~~~~~~~~~~~~~~~~~~~~~~~~~~~~~~~~^~~~~~~~~~~~~~~~~~~~~~~~~~~~~~~~~~~~~~~~~~~~~~~
D:/Repositories/Github/AHartTN/Hartonomous-Opus/cpp/include\hypercube/ingest/model_manifest.hpp:522:51: note: place parentheses around the '&&' expression to silence this warning
  522 |         lower_name.find("p") != std::string::npos && lower_name.find("conv") != std::string::npos ||
      |                                                   ^
      |         (                                                                                        )
D:/Repositories/Github/AHartTN/Hartonomous-Opus/cpp/include\hypercube/ingest/model_manifest.hpp:523:56: warning: '&&' within '||' [-Wlogical-op-parentheses]
  522 |         lower_name.find("p") != std::string::npos && lower_name.find("conv") != std::string::npos ||
      |                                                                                                   ~~
  523 |         lower_name.find("reduce") != std::string::npos && lower_name.find("conv") != std::string::npos) {
      |         ~~~~~~~~~~~~~~~~~~~~~~~~~~~~~~~~~~~~~~~~~~~~~~~^~~~~~~~~~~~~~~~~~~~~~~~~~~~~~~~~~~~~~~~~~~~~~~
D:/Repositories/Github/AHartTN/Hartonomous-Opus/cpp/include\hypercube/ingest/model_manifest.hpp:523:56: note: place parentheses around the '&&' expression to silence this warning
  523 |         lower_name.find("reduce") != std::string::npos && lower_name.find("conv") != std::string::npos) {
      |                                                        ^                                              
      |         (                                                                                             )
D:/Repositories/Github/AHartTN/Hartonomous-Opus/cpp/include\hypercube/ingest/model_manifest.hpp:727:54: warning: '&&' within '||' [-Wlogical-op-parentheses]
  726 |         lower_name.find("cache") != std::string::npos ||
      |                                                       ~~
  727 |         lower_name.find("mask") != std::string::npos && shape.size() == 1) {
      |         ~~~~~~~~~~~~~~~~~~~~~~~~~~~~~~~~~~~~~~~~~~~~~^~~~~~~~~~~~~~~~~~~~
D:/Repositories/Github/AHartTN/Hartonomous-Opus/cpp/include\hypercube/ingest/model_manifest.hpp:727:54: note: place parentheses around the '&&' expression to silence this warning
  727 |         lower_name.find("mask") != std::string::npos && shape.size() == 1) {
      |                                                      ^                   
      |         (                                                                )
In file included from D:/Repositories/Github/AHartTN/Hartonomous-Opus/cpp/src/ingest/compositions.cpp:9:
In file included from D:/Repositories/Github/AHartTN/Hartonomous-Opus/cpp/include\hypercube/ingest/db_operations.hpp:49:
D:/Repositories/Github/AHartTN/Hartonomous-Opus/cpp/include/hnswlib\hnswlib/hnswlib.h:89:13: warning: unused function 'AVX512Capable' [-Wunused-function]
   89 | static bool AVX512Capable() {
      |             ^~~~~~~~~~~~~
5 warnings generated.
[33/86] Building CXX object CMakeFiles/vocab_extract.dir/src/ingest/vocab_extract.cpp.obj
[34/86] Building CXX object CMakeFiles/ingest.dir/src/ingest/main.cpp.obj
[35/86] Building CXX object CMakeFiles/vocab_ingest.dir/src/ingest/vocab_ingest.cpp.obj
[36/86] Building CXX object CMakeFiles/hypercube_ingest.dir/src/ingest/tensor_hierarchy.cpp.obj
In file included from D:/Repositories/Github/AHartTN/Hartonomous-Opus/cpp/src/ingest/tensor_hierarchy.cpp:9:
In file included from D:/Repositories/Github/AHartTN/Hartonomous-Opus/cpp/include\hypercube/ingest/db_operations.hpp:41:
In file included from D:/Repositories/Github/AHartTN/Hartonomous-Opus/cpp/include\hypercube/ingest/context.hpp:18:
D:/Repositories/Github/AHartTN/Hartonomous-Opus/cpp/include\hypercube/ingest/model_manifest.hpp:398:54: warning: '&&' within '||' [-Wlogical-op-parentheses]
  397 |         lower_name.find("bbox_embed") != std::string::npos ||
      |                                                            ~~
  398 |         lower_name.find("bbox") != std::string::npos && lower_name.find("pred") != std::string::npos) {
      |         ~~~~~~~~~~~~~~~~~~~~~~~~~~~~~~~~~~~~~~~~~~~~~^~~~~~~~~~~~~~~~~~~~~~~~~~~~~~~~~~~~~~~~~~~~~~~
D:/Repositories/Github/AHartTN/Hartonomous-Opus/cpp/include\hypercube/ingest/model_manifest.hpp:398:54: note: place parentheses around the '&&' expression to silence this warning
  398 |         lower_name.find("bbox") != std::string::npos && lower_name.find("pred") != std::string::npos) {
      |                                                      ^                                              
      |         (                                                                                           )
D:/Repositories/Github/AHartTN/Hartonomous-Opus/cpp/include\hypercube/ingest/model_manifest.hpp:522:51: warning: '&&' within '||' [-Wlogical-op-parentheses]
  521 |         lower_name.find("fpn") != std::string::npos ||
      |                                                     ~~
  522 |         lower_name.find("p") != std::string::npos && lower_name.find("conv") != std::string::npos ||
      |         ~~~~~~~~~~~~~~~~~~~~~~~~~~~~~~~~~~~~~~~~~~^~~~~~~~~~~~~~~~~~~~~~~~~~~~~~~~~~~~~~~~~~~~~~~
D:/Repositories/Github/AHartTN/Hartonomous-Opus/cpp/include\hypercube/ingest/model_manifest.hpp:522:51: note: place parentheses around the '&&' expression to silence this warning
  522 |         lower_name.find("p") != std::string::npos && lower_name.find("conv") != std::string::npos ||
      |                                                   ^
      |         (                                                                                        )
D:/Repositories/Github/AHartTN/Hartonomous-Opus/cpp/include\hypercube/ingest/model_manifest.hpp:523:56: warning: '&&' within '||' [-Wlogical-op-parentheses]
  522 |         lower_name.find("p") != std::string::npos && lower_name.find("conv") != std::string::npos ||
      |                                                                                                   ~~
  523 |         lower_name.find("reduce") != std::string::npos && lower_name.find("conv") != std::string::npos) {
      |         ~~~~~~~~~~~~~~~~~~~~~~~~~~~~~~~~~~~~~~~~~~~~~~~^~~~~~~~~~~~~~~~~~~~~~~~~~~~~~~~~~~~~~~~~~~~~~~
D:/Repositories/Github/AHartTN/Hartonomous-Opus/cpp/include\hypercube/ingest/model_manifest.hpp:523:56: note: place parentheses around the '&&' expression to silence this warning
  523 |         lower_name.find("reduce") != std::string::npos && lower_name.find("conv") != std::string::npos) {
      |                                                        ^                                              
      |         (                                                                                             )
D:/Repositories/Github/AHartTN/Hartonomous-Opus/cpp/include\hypercube/ingest/model_manifest.hpp:727:54: warning: '&&' within '||' [-Wlogical-op-parentheses]
  726 |         lower_name.find("cache") != std::string::npos ||
      |                                                       ~~
  727 |         lower_name.find("mask") != std::string::npos && shape.size() == 1) {
      |         ~~~~~~~~~~~~~~~~~~~~~~~~~~~~~~~~~~~~~~~~~~~~~^~~~~~~~~~~~~~~~~~~~
D:/Repositories/Github/AHartTN/Hartonomous-Opus/cpp/include\hypercube/ingest/model_manifest.hpp:727:54: note: place parentheses around the '&&' expression to silence this warning
  727 |         lower_name.find("mask") != std::string::npos && shape.size() == 1) {
      |                                                      ^                   
      |         (                                                                )
In file included from D:/Repositories/Github/AHartTN/Hartonomous-Opus/cpp/src/ingest/tensor_hierarchy.cpp:9:
In file included from D:/Repositories/Github/AHartTN/Hartonomous-Opus/cpp/include\hypercube/ingest/db_operations.hpp:49:
D:/Repositories/Github/AHartTN/Hartonomous-Opus/cpp/include/hnswlib\hnswlib/hnswlib.h:89:13: warning: unused function 'AVX512Capable' [-Wunused-function]
   89 | static bool AVX512Capable() {
      |             ^~~~~~~~~~~~~
5 warnings generated.
[37/86] Building CXX object CMakeFiles/hypercube_cli.dir/src/cli/main.cpp.obj
FAILED: [code=1] CMakeFiles/hypercube_cli.dir/src/cli/main.cpp.obj 
C:\PROGRA~1\LLVM\bin\CLANG_~1.EXE -DHAS_AVX=1 -DHAS_HNSWLIB=1 -DHAS_MKL=1 -DHAS_OPENMP=1 -ID:/Repositories/Github/AHartTN/Hartonomous-Opus/cpp/include -ID:/vcpkg/installed/x64-windows/include -ID:/vcpkg/installed/x64-windows/include/server -ID:/Repositories/Github/AHartTN/Hartonomous-Opus/cpp/include/hnswlib -ID:/Intel/oneAPI/mkl/latest/include -O3 -DNDEBUG -Wall -Wextra -march=native -mtune=native -ffast-math -std=c++20 -D_DLL -D_MT -Xclang --dependent-lib=msvcrt -Wno-unused-parameter -Wno-sign-compare -fopenmp=libomp -MD -MT CMakeFiles/hypercube_cli.dir/src/cli/main.cpp.obj -MF CMakeFiles\hypercube_cli.dir\src\cli\main.cpp.obj.d -o CMakeFiles/hypercube_cli.dir/src/cli/main.cpp.obj -c D:/Repositories/Github/AHartTN/Hartonomous-Opus/cpp/src/cli/main.cpp
In file included from D:/Repositories/Github/AHartTN/Hartonomous-Opus/cpp/src/cli/main.cpp:37:
In file included from D:/Repositories/Github/AHartTN/Hartonomous-Opus/cpp/include\hypercube/ingest/context.hpp:18:
D:/Repositories/Github/AHartTN/Hartonomous-Opus/cpp/include\hypercube/ingest/model_manifest.hpp:398:54: warning: '&&' within '||' [-Wlogical-op-parentheses]
  397 |         lower_name.find("bbox_embed") != std::string::npos ||
      |                                                            ~~
  398 |         lower_name.find("bbox") != std::string::npos && lower_name.find("pred") != std::string::npos) {
      |         ~~~~~~~~~~~~~~~~~~~~~~~~~~~~~~~~~~~~~~~~~~~~~^~~~~~~~~~~~~~~~~~~~~~~~~~~~~~~~~~~~~~~~~~~~~~~
D:/Repositories/Github/AHartTN/Hartonomous-Opus/cpp/include\hypercube/ingest/model_manifest.hpp:398:54: note: place parentheses around the '&&' expression to silence this warning
  398 |         lower_name.find("bbox") != std::string::npos && lower_name.find("pred") != std::string::npos) {
      |                                                      ^                                              
      |         (                                                                                           )
D:/Repositories/Github/AHartTN/Hartonomous-Opus/cpp/include\hypercube/ingest/model_manifest.hpp:522:51: warning: '&&' within '||' [-Wlogical-op-parentheses]
  521 |         lower_name.find("fpn") != std::string::npos ||
      |                                                     ~~
  522 |         lower_name.find("p") != std::string::npos && lower_name.find("conv") != std::string::npos ||
      |         ~~~~~~~~~~~~~~~~~~~~~~~~~~~~~~~~~~~~~~~~~~^~~~~~~~~~~~~~~~~~~~~~~~~~~~~~~~~~~~~~~~~~~~~~~
D:/Repositories/Github/AHartTN/Hartonomous-Opus/cpp/include\hypercube/ingest/model_manifest.hpp:522:51: note: place parentheses around the '&&' expression to silence this warning
  522 |         lower_name.find("p") != std::string::npos && lower_name.find("conv") != std::string::npos ||
      |                                                   ^
      |         (                                                                                        )
D:/Repositories/Github/AHartTN/Hartonomous-Opus/cpp/include\hypercube/ingest/model_manifest.hpp:523:56: warning: '&&' within '||' [-Wlogical-op-parentheses]
  522 |         lower_name.find("p") != std::string::npos && lower_name.find("conv") != std::string::npos ||
      |                                                                                                   ~~
  523 |         lower_name.find("reduce") != std::string::npos && lower_name.find("conv") != std::string::npos) {
      |         ~~~~~~~~~~~~~~~~~~~~~~~~~~~~~~~~~~~~~~~~~~~~~~~^~~~~~~~~~~~~~~~~~~~~~~~~~~~~~~~~~~~~~~~~~~~~~~
D:/Repositories/Github/AHartTN/Hartonomous-Opus/cpp/include\hypercube/ingest/model_manifest.hpp:523:56: note: place parentheses around the '&&' expression to silence this warning
  523 |         lower_name.find("reduce") != std::string::npos && lower_name.find("conv") != std::string::npos) {
      |                                                        ^                                              
      |         (                                                                                             )
D:/Repositories/Github/AHartTN/Hartonomous-Opus/cpp/include\hypercube/ingest/model_manifest.hpp:727:54: warning: '&&' within '||' [-Wlogical-op-parentheses]
  726 |         lower_name.find("cache") != std::string::npos ||
      |                                                       ~~
  727 |         lower_name.find("mask") != std::string::npos && shape.size() == 1) {
      |         ~~~~~~~~~~~~~~~~~~~~~~~~~~~~~~~~~~~~~~~~~~~~~^~~~~~~~~~~~~~~~~~~~
D:/Repositories/Github/AHartTN/Hartonomous-Opus/cpp/include\hypercube/ingest/model_manifest.hpp:727:54: note: place parentheses around the '&&' expression to silence this warning
  727 |         lower_name.find("mask") != std::string::npos && shape.size() == 1) {
      |                                                      ^                   
      |         (                                                                )
D:/Repositories/Github/AHartTN/Hartonomous-Opus/cpp/src/cli/main.cpp:363:18: error: no member named 'compute_from_string' in 'hypercube::Blake3Hash'
  363 |             hash.compute_from_string("test");
      |             ~~~~ ^
D:/Repositories/Github/AHartTN/Hartonomous-Opus/cpp/src/cli/main.cpp:372:26: error: excess elements in struct initializer
  372 |             HilbertCurve hilbert(10);  // 10-bit precision
      |                          ^       ~~
D:/Repositories/Github/AHartTN/Hartonomous-Opus/cpp/src/cli/main.cpp:373:37: error: no member named 'encode' in 'hypercube::HilbertCurve'
  373 |             uint64_t dist = hilbert.encode(5, 5, 5, 5);
      |                             ~~~~~~~ ^
D:/Repositories/Github/AHartTN/Hartonomous-Opus/cpp/src/cli/main.cpp:383:30: error: no member named 'map_codepoint_to_4d' in 'hypercube::AtomCalculator'
  383 |             Point4D p = calc.map_codepoint_to_4d(65);  // 'A'
      |                         ~~~~ ^
4 warnings and 4 errors generated.
[38/86] Building CXX object CMakeFiles/model_discovery.dir/src/ingest/model_discovery.cpp.obj
[39/86] Building CXX object CMakeFiles/hypercube_ingest.dir/src/ingest/multimodal_extraction.cpp.obj
In file included from D:/Repositories/Github/AHartTN/Hartonomous-Opus/cpp/src/ingest/multimodal_extraction.cpp:14:
In file included from D:/Repositories/Github/AHartTN/Hartonomous-Opus/cpp/include\hypercube/ingest/multimodal_extraction.hpp:16:
In file included from D:/Repositories/Github/AHartTN/Hartonomous-Opus/cpp/include\hypercube/ingest/context.hpp:18:
D:/Repositories/Github/AHartTN/Hartonomous-Opus/cpp/include\hypercube/ingest/model_manifest.hpp:398:54: warning: '&&' within '||' [-Wlogical-op-parentheses]
  397 |         lower_name.find("bbox_embed") != std::string::npos ||
      |                                                            ~~
  398 |         lower_name.find("bbox") != std::string::npos && lower_name.find("pred") != std::string::npos) {
      |         ~~~~~~~~~~~~~~~~~~~~~~~~~~~~~~~~~~~~~~~~~~~~~^~~~~~~~~~~~~~~~~~~~~~~~~~~~~~~~~~~~~~~~~~~~~~~
D:/Repositories/Github/AHartTN/Hartonomous-Opus/cpp/include\hypercube/ingest/model_manifest.hpp:398:54: note: place parentheses around the '&&' expression to silence this warning
  398 |         lower_name.find("bbox") != std::string::npos && lower_name.find("pred") != std::string::npos) {
      |                                                      ^                                              
      |         (                                                                                           )
D:/Repositories/Github/AHartTN/Hartonomous-Opus/cpp/include\hypercube/ingest/model_manifest.hpp:522:51: warning: '&&' within '||' [-Wlogical-op-parentheses]
  521 |         lower_name.find("fpn") != std::string::npos ||
      |                                                     ~~
  522 |         lower_name.find("p") != std::string::npos && lower_name.find("conv") != std::string::npos ||
      |         ~~~~~~~~~~~~~~~~~~~~~~~~~~~~~~~~~~~~~~~~~~^~~~~~~~~~~~~~~~~~~~~~~~~~~~~~~~~~~~~~~~~~~~~~~
D:/Repositories/Github/AHartTN/Hartonomous-Opus/cpp/include\hypercube/ingest/model_manifest.hpp:522:51: note: place parentheses around the '&&' expression to silence this warning
  522 |         lower_name.find("p") != std::string::npos && lower_name.find("conv") != std::string::npos ||
      |                                                   ^
      |         (                                                                                        )
D:/Repositories/Github/AHartTN/Hartonomous-Opus/cpp/include\hypercube/ingest/model_manifest.hpp:523:56: warning: '&&' within '||' [-Wlogical-op-parentheses]
  522 |         lower_name.find("p") != std::string::npos && lower_name.find("conv") != std::string::npos ||
      |                                                                                                   ~~
  523 |         lower_name.find("reduce") != std::string::npos && lower_name.find("conv") != std::string::npos) {
      |         ~~~~~~~~~~~~~~~~~~~~~~~~~~~~~~~~~~~~~~~~~~~~~~~^~~~~~~~~~~~~~~~~~~~~~~~~~~~~~~~~~~~~~~~~~~~~~~
D:/Repositories/Github/AHartTN/Hartonomous-Opus/cpp/include\hypercube/ingest/model_manifest.hpp:523:56: note: place parentheses around the '&&' expression to silence this warning
  523 |         lower_name.find("reduce") != std::string::npos && lower_name.find("conv") != std::string::npos) {
      |                                                        ^                                              
      |         (                                                                                             )
D:/Repositories/Github/AHartTN/Hartonomous-Opus/cpp/include\hypercube/ingest/model_manifest.hpp:727:54: warning: '&&' within '||' [-Wlogical-op-parentheses]
  726 |         lower_name.find("cache") != std::string::npos ||
      |                                                       ~~
  727 |         lower_name.find("mask") != std::string::npos && shape.size() == 1) {
      |         ~~~~~~~~~~~~~~~~~~~~~~~~~~~~~~~~~~~~~~~~~~~~~^~~~~~~~~~~~~~~~~~~~
D:/Repositories/Github/AHartTN/Hartonomous-Opus/cpp/include\hypercube/ingest/model_manifest.hpp:727:54: note: place parentheses around the '&&' expression to silence this warning
  727 |         lower_name.find("mask") != std::string::npos && shape.size() == 1) {
      |                                                      ^                   
      |         (                                                                )
In file included from D:/Repositories/Github/AHartTN/Hartonomous-Opus/cpp/src/ingest/multimodal_extraction.cpp:15:
In file included from D:/Repositories/Github/AHartTN/Hartonomous-Opus/cpp/include\hypercube/ingest/db_operations.hpp:49:
D:/Repositories/Github/AHartTN/Hartonomous-Opus/cpp/include/hnswlib\hnswlib/hnswlib.h:89:13: warning: unused function 'AVX512Capable' [-Wunused-function]
   89 | static bool AVX512Capable() {
      |             ^~~~~~~~~~~~~
5 warnings generated.
[40/86] Building CXX object CMakeFiles/hypercube_ingest.dir/src/ingest/embedding_relations.cpp.obj
In file included from D:/Repositories/Github/AHartTN/Hartonomous-Opus/cpp/src/ingest/embedding_relations.cpp:11:
In file included from D:/Repositories/Github/AHartTN/Hartonomous-Opus/cpp/include\hypercube/ingest/db_operations.hpp:41:
In file included from D:/Repositories/Github/AHartTN/Hartonomous-Opus/cpp/include\hypercube/ingest/context.hpp:18:
D:/Repositories/Github/AHartTN/Hartonomous-Opus/cpp/include\hypercube/ingest/model_manifest.hpp:398:54: warning: '&&' within '||' [-Wlogical-op-parentheses]
  397 |         lower_name.find("bbox_embed") != std::string::npos ||
      |                                                            ~~
  398 |         lower_name.find("bbox") != std::string::npos && lower_name.find("pred") != std::string::npos) {
      |         ~~~~~~~~~~~~~~~~~~~~~~~~~~~~~~~~~~~~~~~~~~~~~^~~~~~~~~~~~~~~~~~~~~~~~~~~~~~~~~~~~~~~~~~~~~~~
D:/Repositories/Github/AHartTN/Hartonomous-Opus/cpp/include\hypercube/ingest/model_manifest.hpp:398:54: note: place parentheses around the '&&' expression to silence this warning
  398 |         lower_name.find("bbox") != std::string::npos && lower_name.find("pred") != std::string::npos) {
      |                                                      ^                                              
      |         (                                                                                           )
D:/Repositories/Github/AHartTN/Hartonomous-Opus/cpp/include\hypercube/ingest/model_manifest.hpp:522:51: warning: '&&' within '||' [-Wlogical-op-parentheses]
  521 |         lower_name.find("fpn") != std::string::npos ||
      |                                                     ~~
  522 |         lower_name.find("p") != std::string::npos && lower_name.find("conv") != std::string::npos ||
      |         ~~~~~~~~~~~~~~~~~~~~~~~~~~~~~~~~~~~~~~~~~~^~~~~~~~~~~~~~~~~~~~~~~~~~~~~~~~~~~~~~~~~~~~~~~
D:/Repositories/Github/AHartTN/Hartonomous-Opus/cpp/include\hypercube/ingest/model_manifest.hpp:522:51: note: place parentheses around the '&&' expression to silence this warning
  522 |         lower_name.find("p") != std::string::npos && lower_name.find("conv") != std::string::npos ||
      |                                                   ^
      |         (                                                                                        )
D:/Repositories/Github/AHartTN/Hartonomous-Opus/cpp/include\hypercube/ingest/model_manifest.hpp:523:56: warning: '&&' within '||' [-Wlogical-op-parentheses]
  522 |         lower_name.find("p") != std::string::npos && lower_name.find("conv") != std::string::npos ||
      |                                                                                                   ~~
  523 |         lower_name.find("reduce") != std::string::npos && lower_name.find("conv") != std::string::npos) {
      |         ~~~~~~~~~~~~~~~~~~~~~~~~~~~~~~~~~~~~~~~~~~~~~~~^~~~~~~~~~~~~~~~~~~~~~~~~~~~~~~~~~~~~~~~~~~~~~~
D:/Repositories/Github/AHartTN/Hartonomous-Opus/cpp/include\hypercube/ingest/model_manifest.hpp:523:56: note: place parentheses around the '&&' expression to silence this warning
  523 |         lower_name.find("reduce") != std::string::npos && lower_name.find("conv") != std::string::npos) {
      |                                                        ^                                              
      |         (                                                                                             )
D:/Repositories/Github/AHartTN/Hartonomous-Opus/cpp/include\hypercube/ingest/model_manifest.hpp:727:54: warning: '&&' within '||' [-Wlogical-op-parentheses]
  726 |         lower_name.find("cache") != std::string::npos ||
      |                                                       ~~
  727 |         lower_name.find("mask") != std::string::npos && shape.size() == 1) {
      |         ~~~~~~~~~~~~~~~~~~~~~~~~~~~~~~~~~~~~~~~~~~~~~^~~~~~~~~~~~~~~~~~~~
D:/Repositories/Github/AHartTN/Hartonomous-Opus/cpp/include\hypercube/ingest/model_manifest.hpp:727:54: note: place parentheses around the '&&' expression to silence this warning
  727 |         lower_name.find("mask") != std::string::npos && shape.size() == 1) {
      |                                                      ^                   
      |         (                                                                )
In file included from D:/Repositories/Github/AHartTN/Hartonomous-Opus/cpp/src/ingest/embedding_relations.cpp:14:
D:/Repositories/Github/AHartTN/Hartonomous-Opus/cpp/include\hypercube/tensor_classifier.hpp:189:32: warning: unused variable 'd1' [-Wunused-variable]
  189 |         int64_t d0 = shape[0], d1 = shape[1];
      |                                ^~
In file included from D:/Repositories/Github/AHartTN/Hartonomous-Opus/cpp/src/ingest/embedding_relations.cpp:11:
In file included from D:/Repositories/Github/AHartTN/Hartonomous-Opus/cpp/include\hypercube/ingest/db_operations.hpp:49:
D:/Repositories/Github/AHartTN/Hartonomous-Opus/cpp/include/hnswlib\hnswlib/hnswlib.h:89:13: warning: unused function 'AVX512Capable' [-Wunused-function]
   89 | static bool AVX512Capable() {
      |             ^~~~~~~~~~~~~
6 warnings generated.
[41/86] Building CXX object CMakeFiles/extract_embeddings.dir/src/tools/extract_embeddings.cpp.obj
In file included from D:/Repositories/Github/AHartTN/Hartonomous-Opus/cpp/src/tools/extract_embeddings.cpp:49:
In file included from D:/Repositories/Github/AHartTN/Hartonomous-Opus/cpp/include\hypercube/ingest/parsing.hpp:20:
In file included from D:/Repositories/Github/AHartTN/Hartonomous-Opus/cpp/include\hypercube/ingest/context.hpp:18:
D:/Repositories/Github/AHartTN/Hartonomous-Opus/cpp/include\hypercube/ingest/model_manifest.hpp:398:54: warning: '&&' within '||' [-Wlogical-op-parentheses]
  397 |         lower_name.find("bbox_embed") != std::string::npos ||
      |                                                            ~~
  398 |         lower_name.find("bbox") != std::string::npos && lower_name.find("pred") != std::string::npos) {
      |         ~~~~~~~~~~~~~~~~~~~~~~~~~~~~~~~~~~~~~~~~~~~~~^~~~~~~~~~~~~~~~~~~~~~~~~~~~~~~~~~~~~~~~~~~~~~~
D:/Repositories/Github/AHartTN/Hartonomous-Opus/cpp/include\hypercube/ingest/model_manifest.hpp:398:54: note: place parentheses around the '&&' expression to silence this warning
  398 |         lower_name.find("bbox") != std::string::npos && lower_name.find("pred") != std::string::npos) {
      |                                                      ^                                              
      |         (                                                                                           )
D:/Repositories/Github/AHartTN/Hartonomous-Opus/cpp/include\hypercube/ingest/model_manifest.hpp:522:51: warning: '&&' within '||' [-Wlogical-op-parentheses]
  521 |         lower_name.find("fpn") != std::string::npos ||
      |                                                     ~~
  522 |         lower_name.find("p") != std::string::npos && lower_name.find("conv") != std::string::npos ||
      |         ~~~~~~~~~~~~~~~~~~~~~~~~~~~~~~~~~~~~~~~~~~^~~~~~~~~~~~~~~~~~~~~~~~~~~~~~~~~~~~~~~~~~~~~~~
D:/Repositories/Github/AHartTN/Hartonomous-Opus/cpp/include\hypercube/ingest/model_manifest.hpp:522:51: note: place parentheses around the '&&' expression to silence this warning
  522 |         lower_name.find("p") != std::string::npos && lower_name.find("conv") != std::string::npos ||
      |                                                   ^
      |         (                                                                                        )
D:/Repositories/Github/AHartTN/Hartonomous-Opus/cpp/include\hypercube/ingest/model_manifest.hpp:523:56: warning: '&&' within '||' [-Wlogical-op-parentheses]
  522 |         lower_name.find("p") != std::string::npos && lower_name.find("conv") != std::string::npos ||
      |                                                                                                   ~~
  523 |         lower_name.find("reduce") != std::string::npos && lower_name.find("conv") != std::string::npos) {
      |         ~~~~~~~~~~~~~~~~~~~~~~~~~~~~~~~~~~~~~~~~~~~~~~~^~~~~~~~~~~~~~~~~~~~~~~~~~~~~~~~~~~~~~~~~~~~~~~
D:/Repositories/Github/AHartTN/Hartonomous-Opus/cpp/include\hypercube/ingest/model_manifest.hpp:523:56: note: place parentheses around the '&&' expression to silence this warning
  523 |         lower_name.find("reduce") != std::string::npos && lower_name.find("conv") != std::string::npos) {
      |                                                        ^                                              
      |         (                                                                                             )
D:/Repositories/Github/AHartTN/Hartonomous-Opus/cpp/include\hypercube/ingest/model_manifest.hpp:727:54: warning: '&&' within '||' [-Wlogical-op-parentheses]
  726 |         lower_name.find("cache") != std::string::npos ||
      |                                                       ~~
  727 |         lower_name.find("mask") != std::string::npos && shape.size() == 1) {
      |         ~~~~~~~~~~~~~~~~~~~~~~~~~~~~~~~~~~~~~~~~~~~~~^~~~~~~~~~~~~~~~~~~~
D:/Repositories/Github/AHartTN/Hartonomous-Opus/cpp/include\hypercube/ingest/model_manifest.hpp:727:54: note: place parentheses around the '&&' expression to silence this warning
  727 |         lower_name.find("mask") != std::string::npos && shape.size() == 1) {
      |                                                      ^                   
      |         (                                                                )
4 warnings generated.
[42/86] Building CXX object CMakeFiles/hypercube_core.dir/src/core/laplacian_4d.cpp.obj
D:/Repositories/Github/AHartTN/Hartonomous-Opus/cpp/src/core/laplacian_4d.cpp:598:28: warning: unused variable 'local_i' [-Wunused-variable]
  598 |                     size_t local_i = i - start;
      |                            ^~~~~~~
D:/Repositories/Github/AHartTN/Hartonomous-Opus/cpp/src/core/laplacian_4d.cpp:1716:20: warning: unused variable 'u' [-Wunused-variable]
 1716 |             size_t u = q.front(); q.pop();
      |                    ^
In file included from D:/Repositories/Github/AHartTN/Hartonomous-Opus/cpp/src/core/laplacian_4d.cpp:59:
D:/Repositories/Github/AHartTN/Hartonomous-Opus/cpp/include/hnswlib\hnswlib/hnswlib.h:89:13: warning: unused function 'AVX512Capable' [-Wunused-function]
   89 | static bool AVX512Capable() {
      |             ^~~~~~~~~~~~~
D:/Repositories/Github/AHartTN/Hartonomous-Opus/cpp/src/core/laplacian_4d.cpp:932:41: warning: unused function 'feast_sparse_eigensolver' [-Wunused-function]
  932 | static std::vector<std::vector<double>> feast_sparse_eigensolver(
      |                                         ^~~~~~~~~~~~~~~~~~~~~~~~
4 warnings generated.
[43/86] Building CXX object CMakeFiles/hypercube_ingest.dir/src/ingest/attention_relations.cpp.obj
In file included from D:/Repositories/Github/AHartTN/Hartonomous-Opus/cpp/src/ingest/attention_relations.cpp:14:
In file included from D:/Repositories/Github/AHartTN/Hartonomous-Opus/cpp/include\hypercube/ingest/db_operations.hpp:41:
In file included from D:/Repositories/Github/AHartTN/Hartonomous-Opus/cpp/include\hypercube/ingest/context.hpp:18:
D:/Repositories/Github/AHartTN/Hartonomous-Opus/cpp/include\hypercube/ingest/model_manifest.hpp:398:54: warning: '&&' within '||' [-Wlogical-op-parentheses]
  397 |         lower_name.find("bbox_embed") != std::string::npos ||
      |                                                            ~~
  398 |         lower_name.find("bbox") != std::string::npos && lower_name.find("pred") != std::string::npos) {
      |         ~~~~~~~~~~~~~~~~~~~~~~~~~~~~~~~~~~~~~~~~~~~~~^~~~~~~~~~~~~~~~~~~~~~~~~~~~~~~~~~~~~~~~~~~~~~~
D:/Repositories/Github/AHartTN/Hartonomous-Opus/cpp/include\hypercube/ingest/model_manifest.hpp:398:54: note: place parentheses around the '&&' expression to silence this warning
  398 |         lower_name.find("bbox") != std::string::npos && lower_name.find("pred") != std::string::npos) {
      |                                                      ^                                              
      |         (                                                                                           )
D:/Repositories/Github/AHartTN/Hartonomous-Opus/cpp/include\hypercube/ingest/model_manifest.hpp:522:51: warning: '&&' within '||' [-Wlogical-op-parentheses]
  521 |         lower_name.find("fpn") != std::string::npos ||
      |                                                     ~~
  522 |         lower_name.find("p") != std::string::npos && lower_name.find("conv") != std::string::npos ||
      |         ~~~~~~~~~~~~~~~~~~~~~~~~~~~~~~~~~~~~~~~~~~^~~~~~~~~~~~~~~~~~~~~~~~~~~~~~~~~~~~~~~~~~~~~~~
D:/Repositories/Github/AHartTN/Hartonomous-Opus/cpp/include\hypercube/ingest/model_manifest.hpp:522:51: note: place parentheses around the '&&' expression to silence this warning
  522 |         lower_name.find("p") != std::string::npos && lower_name.find("conv") != std::string::npos ||
      |                                                   ^
      |         (                                                                                        )
D:/Repositories/Github/AHartTN/Hartonomous-Opus/cpp/include\hypercube/ingest/model_manifest.hpp:523:56: warning: '&&' within '||' [-Wlogical-op-parentheses]
  522 |         lower_name.find("p") != std::string::npos && lower_name.find("conv") != std::string::npos ||
      |                                                                                                   ~~
  523 |         lower_name.find("reduce") != std::string::npos && lower_name.find("conv") != std::string::npos) {
      |         ~~~~~~~~~~~~~~~~~~~~~~~~~~~~~~~~~~~~~~~~~~~~~~~^~~~~~~~~~~~~~~~~~~~~~~~~~~~~~~~~~~~~~~~~~~~~~~
D:/Repositories/Github/AHartTN/Hartonomous-Opus/cpp/include\hypercube/ingest/model_manifest.hpp:523:56: note: place parentheses around the '&&' expression to silence this warning
  523 |         lower_name.find("reduce") != std::string::npos && lower_name.find("conv") != std::string::npos) {
      |                                                        ^                                              
      |         (                                                                                             )
D:/Repositories/Github/AHartTN/Hartonomous-Opus/cpp/include\hypercube/ingest/model_manifest.hpp:727:54: warning: '&&' within '||' [-Wlogical-op-parentheses]
  726 |         lower_name.find("cache") != std::string::npos ||
      |                                                       ~~
  727 |         lower_name.find("mask") != std::string::npos && shape.size() == 1) {
      |         ~~~~~~~~~~~~~~~~~~~~~~~~~~~~~~~~~~~~~~~~~~~~~^~~~~~~~~~~~~~~~~~~~
D:/Repositories/Github/AHartTN/Hartonomous-Opus/cpp/include\hypercube/ingest/model_manifest.hpp:727:54: note: place parentheses around the '&&' expression to silence this warning
  727 |         lower_name.find("mask") != std::string::npos && shape.size() == 1) {
      |                                                      ^                   
      |         (                                                                )
In file included from D:/Repositories/Github/AHartTN/Hartonomous-Opus/cpp/src/ingest/attention_relations.cpp:14:
In file included from D:/Repositories/Github/AHartTN/Hartonomous-Opus/cpp/include\hypercube/ingest/db_operations.hpp:49:
D:/Repositories/Github/AHartTN/Hartonomous-Opus/cpp/include/hnswlib\hnswlib/hnswlib.h:89:13: warning: unused function 'AVX512Capable' [-Wunused-function]
   89 | static bool AVX512Capable() {
      |             ^~~~~~~~~~~~~
5 warnings generated.
[44/86] Building CXX object CMakeFiles/hypercube_ingest.dir/src/ingest/semantic_extraction.cpp.obj
In file included from D:/Repositories/Github/AHartTN/Hartonomous-Opus/cpp/src/ingest/semantic_extraction.cpp:14:
In file included from D:/Repositories/Github/AHartTN/Hartonomous-Opus/cpp/include\hypercube/ingest/db_operations.hpp:41:
In file included from D:/Repositories/Github/AHartTN/Hartonomous-Opus/cpp/include\hypercube/ingest/context.hpp:18:
D:/Repositories/Github/AHartTN/Hartonomous-Opus/cpp/include\hypercube/ingest/model_manifest.hpp:398:54: warning: '&&' within '||' [-Wlogical-op-parentheses]
  397 |         lower_name.find("bbox_embed") != std::string::npos ||
      |                                                            ~~
  398 |         lower_name.find("bbox") != std::string::npos && lower_name.find("pred") != std::string::npos) {
      |         ~~~~~~~~~~~~~~~~~~~~~~~~~~~~~~~~~~~~~~~~~~~~~^~~~~~~~~~~~~~~~~~~~~~~~~~~~~~~~~~~~~~~~~~~~~~~
D:/Repositories/Github/AHartTN/Hartonomous-Opus/cpp/include\hypercube/ingest/model_manifest.hpp:398:54: note: place parentheses around the '&&' expression to silence this warning
  398 |         lower_name.find("bbox") != std::string::npos && lower_name.find("pred") != std::string::npos) {
      |                                                      ^                                              
      |         (                                                                                           )
D:/Repositories/Github/AHartTN/Hartonomous-Opus/cpp/include\hypercube/ingest/model_manifest.hpp:522:51: warning: '&&' within '||' [-Wlogical-op-parentheses]
  521 |         lower_name.find("fpn") != std::string::npos ||
      |                                                     ~~
  522 |         lower_name.find("p") != std::string::npos && lower_name.find("conv") != std::string::npos ||
      |         ~~~~~~~~~~~~~~~~~~~~~~~~~~~~~~~~~~~~~~~~~~^~~~~~~~~~~~~~~~~~~~~~~~~~~~~~~~~~~~~~~~~~~~~~~
D:/Repositories/Github/AHartTN/Hartonomous-Opus/cpp/include\hypercube/ingest/model_manifest.hpp:522:51: note: place parentheses around the '&&' expression to silence this warning
  522 |         lower_name.find("p") != std::string::npos && lower_name.find("conv") != std::string::npos ||
      |                                                   ^
      |         (                                                                                        )
D:/Repositories/Github/AHartTN/Hartonomous-Opus/cpp/include\hypercube/ingest/model_manifest.hpp:523:56: warning: '&&' within '||' [-Wlogical-op-parentheses]
  522 |         lower_name.find("p") != std::string::npos && lower_name.find("conv") != std::string::npos ||
      |                                                                                                   ~~
  523 |         lower_name.find("reduce") != std::string::npos && lower_name.find("conv") != std::string::npos) {
      |         ~~~~~~~~~~~~~~~~~~~~~~~~~~~~~~~~~~~~~~~~~~~~~~~^~~~~~~~~~~~~~~~~~~~~~~~~~~~~~~~~~~~~~~~~~~~~~~
D:/Repositories/Github/AHartTN/Hartonomous-Opus/cpp/include\hypercube/ingest/model_manifest.hpp:523:56: note: place parentheses around the '&&' expression to silence this warning
  523 |         lower_name.find("reduce") != std::string::npos && lower_name.find("conv") != std::string::npos) {
      |                                                        ^                                              
      |         (                                                                                             )
D:/Repositories/Github/AHartTN/Hartonomous-Opus/cpp/include\hypercube/ingest/model_manifest.hpp:727:54: warning: '&&' within '||' [-Wlogical-op-parentheses]
  726 |         lower_name.find("cache") != std::string::npos ||
      |                                                       ~~
  727 |         lower_name.find("mask") != std::string::npos && shape.size() == 1) {
      |         ~~~~~~~~~~~~~~~~~~~~~~~~~~~~~~~~~~~~~~~~~~~~~^~~~~~~~~~~~~~~~~~~~
D:/Repositories/Github/AHartTN/Hartonomous-Opus/cpp/include\hypercube/ingest/model_manifest.hpp:727:54: note: place parentheses around the '&&' expression to silence this warning
  727 |         lower_name.find("mask") != std::string::npos && shape.size() == 1) {
      |                                                      ^                   
      |         (                                                                )
In file included from D:/Repositories/Github/AHartTN/Hartonomous-Opus/cpp/src/ingest/semantic_extraction.cpp:14:
In file included from D:/Repositories/Github/AHartTN/Hartonomous-Opus/cpp/include\hypercube/ingest/db_operations.hpp:49:
D:/Repositories/Github/AHartTN/Hartonomous-Opus/cpp/include/hnswlib\hnswlib/hnswlib.h:89:13: warning: unused function 'AVX512Capable' [-Wunused-function]
   89 | static bool AVX512Capable() {
      |             ^~~~~~~~~~~~~
5 warnings generated.
[45/86] Building CXX object CMakeFiles/ingest_safetensor.dir/src/tools/ingest_safetensor_modular.cpp.obj
In file included from D:/Repositories/Github/AHartTN/Hartonomous-Opus/cpp/src/tools/ingest_safetensor_modular.cpp:58:
In file included from D:/Repositories/Github/AHartTN/Hartonomous-Opus/cpp/include\hypercube/ingest/context.hpp:18:
D:/Repositories/Github/AHartTN/Hartonomous-Opus/cpp/include\hypercube/ingest/model_manifest.hpp:398:54: warning: '&&' within '||' [-Wlogical-op-parentheses]
  397 |         lower_name.find("bbox_embed") != std::string::npos ||
      |                                                            ~~
  398 |         lower_name.find("bbox") != std::string::npos && lower_name.find("pred") != std::string::npos) {
      |         ~~~~~~~~~~~~~~~~~~~~~~~~~~~~~~~~~~~~~~~~~~~~~^~~~~~~~~~~~~~~~~~~~~~~~~~~~~~~~~~~~~~~~~~~~~~~
D:/Repositories/Github/AHartTN/Hartonomous-Opus/cpp/include\hypercube/ingest/model_manifest.hpp:398:54: note: place parentheses around the '&&' expression to silence this warning
  398 |         lower_name.find("bbox") != std::string::npos && lower_name.find("pred") != std::string::npos) {
      |                                                      ^                                              
      |         (                                                                                           )
D:/Repositories/Github/AHartTN/Hartonomous-Opus/cpp/include\hypercube/ingest/model_manifest.hpp:522:51: warning: '&&' within '||' [-Wlogical-op-parentheses]
  521 |         lower_name.find("fpn") != std::string::npos ||
      |                                                     ~~
  522 |         lower_name.find("p") != std::string::npos && lower_name.find("conv") != std::string::npos ||
      |         ~~~~~~~~~~~~~~~~~~~~~~~~~~~~~~~~~~~~~~~~~~^~~~~~~~~~~~~~~~~~~~~~~~~~~~~~~~~~~~~~~~~~~~~~~
D:/Repositories/Github/AHartTN/Hartonomous-Opus/cpp/include\hypercube/ingest/model_manifest.hpp:522:51: note: place parentheses around the '&&' expression to silence this warning
  522 |         lower_name.find("p") != std::string::npos && lower_name.find("conv") != std::string::npos ||
      |                                                   ^
      |         (                                                                                        )
D:/Repositories/Github/AHartTN/Hartonomous-Opus/cpp/include\hypercube/ingest/model_manifest.hpp:523:56: warning: '&&' within '||' [-Wlogical-op-parentheses]
  522 |         lower_name.find("p") != std::string::npos && lower_name.find("conv") != std::string::npos ||
      |                                                                                                   ~~
  523 |         lower_name.find("reduce") != std::string::npos && lower_name.find("conv") != std::string::npos) {
      |         ~~~~~~~~~~~~~~~~~~~~~~~~~~~~~~~~~~~~~~~~~~~~~~~^~~~~~~~~~~~~~~~~~~~~~~~~~~~~~~~~~~~~~~~~~~~~~~
D:/Repositories/Github/AHartTN/Hartonomous-Opus/cpp/include\hypercube/ingest/model_manifest.hpp:523:56: note: place parentheses around the '&&' expression to silence this warning
  523 |         lower_name.find("reduce") != std::string::npos && lower_name.find("conv") != std::string::npos) {
      |                                                        ^                                              
      |         (                                                                                             )
D:/Repositories/Github/AHartTN/Hartonomous-Opus/cpp/include\hypercube/ingest/model_manifest.hpp:727:54: warning: '&&' within '||' [-Wlogical-op-parentheses]
  726 |         lower_name.find("cache") != std::string::npos ||
      |                                                       ~~
  727 |         lower_name.find("mask") != std::string::npos && shape.size() == 1) {
      |         ~~~~~~~~~~~~~~~~~~~~~~~~~~~~~~~~~~~~~~~~~~~~~^~~~~~~~~~~~~~~~~~~~
D:/Repositories/Github/AHartTN/Hartonomous-Opus/cpp/include\hypercube/ingest/model_manifest.hpp:727:54: note: place parentheses around the '&&' expression to silence this warning
  727 |         lower_name.find("mask") != std::string::npos && shape.size() == 1) {
      |                                                      ^                   
      |         (                                                                )
In file included from D:/Repositories/Github/AHartTN/Hartonomous-Opus/cpp/src/tools/ingest_safetensor_modular.cpp:66:
In file included from D:/Repositories/Github/AHartTN/Hartonomous-Opus/cpp/include\hypercube/ingest/db_operations.hpp:49:
D:/Repositories/Github/AHartTN/Hartonomous-Opus/cpp/include/hnswlib\hnswlib/hnswlib.h:89:13: warning: unused function 'AVX512Capable' [-Wunused-function]
   89 | static bool AVX512Capable() {
      |             ^~~~~~~~~~~~~
5 warnings generated.
ninja: build stopped: subcommand failed.
psql:hypercube_schema.sql:13: NOTICE:  extension "postgis" already exists, skipping
psql:schema/01_tables.sql:22: NOTICE:  relation "atom" already exists, skipping
psql:schema/01_tables.sql:41: NOTICE:  relation "composition" already exists, skipping
psql:schema/01_tables.sql:54: NOTICE:  relation "composition_child" already exists, skipping
psql:schema/01_tables.sql:77: NOTICE:  relation "relation" already exists, skipping
psql:schema/01_tables.sql:91: NOTICE:  relation "model" already exists, skipping
psql:schema/01_tables.sql:103: NOTICE:  relation "bigram_stats" already exists, skipping
psql:schema/01_tables.sql:108: NOTICE:  relation "unigram_stats" already exists, skipping
psql:schema/01_tables.sql:114: NOTICE:  relation "token_corpus_stats" already exists, skipping
psql:schema/02_indexes.sql:15: NOTICE:  relation "idx_atom_codepoint" already exists, skipping
psql:schema/02_indexes.sql:18: NOTICE:  relation "idx_atom_hilbert" already exists, skipping
psql:schema/02_indexes.sql:21: NOTICE:  relation "idx_atom_geom" already exists, skipping
psql:schema/02_indexes.sql:28: NOTICE:  relation "idx_comp_centroid" already exists, skipping
psql:schema/02_indexes.sql:31: NOTICE:  relation "idx_comp_hilbert" already exists, skipping
psql:schema/02_indexes.sql:34: NOTICE:  relation "idx_comp_label" already exists, skipping
psql:schema/02_indexes.sql:37: NOTICE:  relation "idx_comp_depth" already exists, skipping
psql:schema/02_indexes.sql:40: NOTICE:  relation "idx_comp_child_count" already exists, skipping
psql:schema/02_indexes.sql:47: NOTICE:  relation "idx_comp_child_child" already exists, skipping
psql:schema/02_indexes.sql:50: NOTICE:  relation "idx_comp_child_ordinal" already exists, skipping
psql:schema/02_indexes.sql:57: NOTICE:  relation "idx_relation_source" already exists, skipping
psql:schema/02_indexes.sql:60: NOTICE:  relation "idx_relation_target" already exists, skipping
psql:schema/02_indexes.sql:63: NOTICE:  relation "idx_relation_type" already exists, skipping
psql:schema/02_indexes.sql:66: NOTICE:  relation "idx_relation_model" already exists, skipping
psql:schema/02_indexes.sql:69: NOTICE:  relation "idx_relation_weight" already exists, skipping
psql:schema/02_indexes.sql:72: NOTICE:  relation "idx_relation_layer" already exists, skipping
psql:schema/02_indexes.sql:79: NOTICE:  relation "idx_model_name" already exists, skipping
psql:schema/02_indexes.sql:82: NOTICE:  relation "idx_model_source" already exists, skipping
psql:schema/02_indexes.sql:89: NOTICE:  relation "idx_bigram_left" already exists, skipping
psql:schema/02_indexes.sql:92: NOTICE:  relation "idx_bigram_right" already exists, skipping
psql:schema/02_indexes.sql:95: NOTICE:  relation "idx_bigram_pmi" already exists, skipping
  Atoms  | Compositions | With Labels | Relations | Max Depth | Total Size 
---------+--------------+-------------+-----------+-----------+------------
 1114112 |       190047 |      160593 |    255816 |        24 | 741 MB
(1 row)

